# JRE version: OpenJDK Runtime Environment Temurin-17.0.13+11 (17.0.13+11) (build 17.0.13+11)
# Java VM: OpenJDK 64-Bit Server VM Temurin-17.0.13+11 (17.0.13+11, mixed mode, tiered, compressed oops, compressed class ptrs, parallel gc, windows-amd64)
GC Precious Log:
 CPUs: 16 total, 16 available
 Memory: 7812M
 Large Page Support: Disabled
 NUMA Support: Disabled
 Compressed Oops: Enabled (32-bit)
 Alignments: Space 512K, Generation 512K, Heap 2M
 Heap Min Capacity: 100M
 Heap Initial Capacity: 100M
 Heap Max Capacity: 1G
 Pre-touch: Disabled
 Parallel Workers: 13
Heap:
 PSYoungGen      total 57856K, used 57824K [0x00000000eab00000, 0x00000000f0000000, 0x0000000100000000)
  eden space 42496K, 100% used [0x00000000eab00000,0x00000000ed480000,0x00000000ed480000)
  from space 15360K, 99% used [0x00000000ed480000,0x00000000ee3783d0,0x00000000ee380000)
  to   space 20992K, 66% used [0x00000000eeb80000,0x00000000ef93a100,0x00000000f0000000)
 ParOldGen       total 196096K, used 189201K [0x00000000c0000000, 0x00000000cbf80000, 0x00000000eab00000)
  object space 196096K, 96% used [0x00000000c0000000,0x00000000cb8c4648,0x00000000cbf80000)
 Metaspace       used 62727K, committed 63744K, reserved 1114112K
  class space    used 6614K, committed 7040K, reserved 1048576K
GC Heap History (20 events):
Event: 7.960 GC heap after
{Heap after GC invocations=67 (full 5):
 PSYoungGen      total 31744K, used 5560K [0x00000000eab00000, 0x00000000ed180000, 0x0000000100000000)
  eden space 26112K, 0% used [0x00000000eab00000,0x00000000eab00000,0x00000000ec480000)
  from space 5632K, 98% used [0x00000000ecc00000,0x00000000ed16e1a0,0x00000000ed180000)
  to   space 6144K, 0% used [0x00000000ec580000,0x00000000ec580000,0x00000000ecb80000)
 ParOldGen       total 196096K, used 131486K [0x00000000c0000000, 0x00000000cbf80000, 0x00000000eab00000)
  object space 196096K, 67% used [0x00000000c0000000,0x00000000c80679e8,0x00000000cbf80000)
 Metaspace       used 60831K, committed 61824K, reserved 1114112K
  class space    used 6398K, committed 6848K, reserved 1048576K
}
Event: 8.013 GC heap before
{Heap before GC invocations=68 (full 5):
 PSYoungGen      total 31744K, used 31656K [0x00000000eab00000, 0x00000000ed180000, 0x0000000100000000)
  eden space 26112K, 99% used [0x00000000eab00000,0x00000000ec47bf70,0x00000000ec480000)
  from space 5632K, 98% used [0x00000000ecc00000,0x00000000ed16e1a0,0x00000000ed180000)
  to   space 6144K, 0% used [0x00000000ec580000,0x00000000ec580000,0x00000000ecb80000)
 ParOldGen       total 196096K, used 131486K [0x00000000c0000000, 0x00000000cbf80000, 0x00000000eab00000)
  object space 196096K, 67% used [0x00000000c0000000,0x00000000c80679e8,0x00000000cbf80000)
 Metaspace       used 61175K, committed 62208K, reserved 1114112K
  class space    used 6450K, committed 6912K, reserved 1048576K
}
Event: 8.019 GC heap after
{Heap after GC invocations=68 (full 5):
 PSYoungGen      total 33280K, used 6126K [0x00000000eab00000, 0x00000000edd80000, 0x0000000100000000)
  eden space 27136K, 0% used [0x00000000eab00000,0x00000000eab00000,0x00000000ec580000)
  from space 6144K, 99% used [0x00000000ec580000,0x00000000ecb7b930,0x00000000ecb80000)
  to   space 11776K, 0% used [0x00000000ed200000,0x00000000ed200000,0x00000000edd80000)
 ParOldGen       total 196096K, used 136011K [0x00000000c0000000, 0x00000000cbf80000, 0x00000000eab00000)
  object space 196096K, 69% used [0x00000000c0000000,0x00000000c84d2cc8,0x00000000cbf80000)
 Metaspace       used 61175K, committed 62208K, reserved 1114112K
  class space    used 6450K, committed 6912K, reserved 1048576K
}
Event: 8.091 GC heap before
{Heap before GC invocations=69 (full 5):
 PSYoungGen      total 33280K, used 33262K [0x00000000eab00000, 0x00000000edd80000, 0x0000000100000000)
  eden space 27136K, 100% used [0x00000000eab00000,0x00000000ec580000,0x00000000ec580000)
  from space 6144K, 99% used [0x00000000ec580000,0x00000000ecb7b930,0x00000000ecb80000)
  to   space 11776K, 0% used [0x00000000ed200000,0x00000000ed200000,0x00000000edd80000)
 ParOldGen       total 196096K, used 136011K [0x00000000c0000000, 0x00000000cbf80000, 0x00000000eab00000)
  object space 196096K, 69% used [0x00000000c0000000,0x00000000c84d2cc8,0x00000000cbf80000)
 Metaspace       used 61452K, committed 62464K, reserved 1114112K
  class space    used 6488K, committed 6976K, reserved 1048576K
}
Event: 8.097 GC heap after
{Heap after GC invocations=69 (full 5):
 PSYoungGen      total 38400K, used 9098K [0x00000000eab00000, 0x00000000edb00000, 0x0000000100000000)
  eden space 29184K, 0% used [0x00000000eab00000,0x00000000eab00000,0x00000000ec780000)
  from space 9216K, 98% used [0x00000000ed200000,0x00000000edae2a80,0x00000000edb00000)
  to   space 9728K, 0% used [0x00000000ec800000,0x00000000ec800000,0x00000000ed180000)
 ParOldGen       total 196096K, used 138727K [0x00000000c0000000, 0x00000000cbf80000, 0x00000000eab00000)
  object space 196096K, 70% used [0x00000000c0000000,0x00000000c8779c30,0x00000000cbf80000)
 Metaspace       used 61452K, committed 62464K, reserved 1114112K
  class space    used 6488K, committed 6976K, reserved 1048576K
}
Event: 8.177 GC heap before
{Heap before GC invocations=70 (full 5):
 PSYoungGen      total 38400K, used 38282K [0x00000000eab00000, 0x00000000edb00000, 0x0000000100000000)
  eden space 29184K, 100% used [0x00000000eab00000,0x00000000ec780000,0x00000000ec780000)
  from space 9216K, 98% used [0x00000000ed200000,0x00000000edae2a80,0x00000000edb00000)
  to   space 9728K, 0% used [0x00000000ec800000,0x00000000ec800000,0x00000000ed180000)
 ParOldGen       total 196096K, used 138727K [0x00000000c0000000, 0x00000000cbf80000, 0x00000000eab00000)
  object space 196096K, 70% used [0x00000000c0000000,0x00000000c8779c30,0x00000000cbf80000)
 Metaspace       used 61657K, committed 62720K, reserved 1114112K
  class space    used 6510K, committed 6976K, reserved 1048576K
}
Event: 8.185 GC heap after
{Heap after GC invocations=70 (full 5):
 PSYoungGen      total 39424K, used 9707K [0x00000000eab00000, 0x00000000eea00000, 0x0000000100000000)
  eden space 29696K, 0% used [0x00000000eab00000,0x00000000eab00000,0x00000000ec800000)
  from space 9728K, 99% used [0x00000000ec800000,0x00000000ed17adb0,0x00000000ed180000)
  to   space 16384K, 0% used [0x00000000eda00000,0x00000000eda00000,0x00000000eea00000)
 ParOldGen       total 196096K, used 143887K [0x00000000c0000000, 0x00000000cbf80000, 0x00000000eab00000)
  object space 196096K, 73% used [0x00000000c0000000,0x00000000c8c83d58,0x00000000cbf80000)
 Metaspace       used 61657K, committed 62720K, reserved 1114112K
  class space    used 6510K, committed 6976K, reserved 1048576K
}
Event: 8.270 GC heap before
{Heap before GC invocations=71 (full 5):
 PSYoungGen      total 39424K, used 39403K [0x00000000eab00000, 0x00000000eea00000, 0x0000000100000000)
  eden space 29696K, 100% used [0x00000000eab00000,0x00000000ec800000,0x00000000ec800000)
  from space 9728K, 99% used [0x00000000ec800000,0x00000000ed17adb0,0x00000000ed180000)
  to   space 16384K, 0% used [0x00000000eda00000,0x00000000eda00000,0x00000000eea00000)
 ParOldGen       total 196096K, used 143887K [0x00000000c0000000, 0x00000000cbf80000, 0x00000000eab00000)
  object space 196096K, 73% used [0x00000000c0000000,0x00000000c8c83d58,0x00000000cbf80000)
 Metaspace       used 62202K, committed 63296K, reserved 1114112K
  class space    used 6580K, committed 7040K, reserved 1048576K
}
Event: 8.279 GC heap after
{Heap after GC invocations=71 (full 5):
 PSYoungGen      total 43008K, used 10272K [0x00000000eab00000, 0x00000000ee480000, 0x0000000100000000)
  eden space 32256K, 0% used [0x00000000eab00000,0x00000000eab00000,0x00000000eca80000)
  from space 10752K, 95% used [0x00000000eda00000,0x00000000ee408058,0x00000000ee480000)
  to   space 12288K, 0% used [0x00000000ecc80000,0x00000000ecc80000,0x00000000ed880000)
 ParOldGen       total 196096K, used 149595K [0x00000000c0000000, 0x00000000cbf80000, 0x00000000eab00000)
  object space 196096K, 76% used [0x00000000c0000000,0x00000000c9216d20,0x00000000cbf80000)
 Metaspace       used 62202K, committed 63296K, reserved 1114112K
  class space    used 6580K, committed 7040K, reserved 1048576K
}
Event: 8.402 GC heap before
{Heap before GC invocations=72 (full 5):
 PSYoungGen      total 43008K, used 42528K [0x00000000eab00000, 0x00000000ee480000, 0x0000000100000000)
  eden space 32256K, 100% used [0x00000000eab00000,0x00000000eca80000,0x00000000eca80000)
  from space 10752K, 95% used [0x00000000eda00000,0x00000000ee408058,0x00000000ee480000)
  to   space 12288K, 0% used [0x00000000ecc80000,0x00000000ecc80000,0x00000000ed880000)
 ParOldGen       total 196096K, used 149595K [0x00000000c0000000, 0x00000000cbf80000, 0x00000000eab00000)
  object space 196096K, 76% used [0x00000000c0000000,0x00000000c9216d20,0x00000000cbf80000)
 Metaspace       used 62479K, committed 63552K, reserved 1114112K
  class space    used 6600K, committed 7040K, reserved 1048576K
}
Event: 8.415 GC heap after
{Heap after GC invocations=72 (full 5):
 PSYoungGen      total 46592K, used 12265K [0x00000000eab00000, 0x00000000ef400000, 0x0000000100000000)
  eden space 34304K, 0% used [0x00000000eab00000,0x00000000eab00000,0x00000000ecc80000)
  from space 12288K, 99% used [0x00000000ecc80000,0x00000000ed87a780,0x00000000ed880000)
  to   space 19968K, 0% used [0x00000000ee080000,0x00000000ee080000,0x00000000ef400000)
 ParOldGen       total 196096K, used 155740K [0x00000000c0000000, 0x00000000cbf80000, 0x00000000eab00000)
  object space 196096K, 79% used [0x00000000c0000000,0x00000000c9817158,0x00000000cbf80000)
 Metaspace       used 62479K, committed 63552K, reserved 1114112K
  class space    used 6600K, committed 7040K, reserved 1048576K
}
Event: 8.511 GC heap before
{Heap before GC invocations=73 (full 5):
 PSYoungGen      total 46592K, used 46569K [0x00000000eab00000, 0x00000000ef400000, 0x0000000100000000)
  eden space 34304K, 100% used [0x00000000eab00000,0x00000000ecc80000,0x00000000ecc80000)
  from space 12288K, 99% used [0x00000000ecc80000,0x00000000ed87a780,0x00000000ed880000)
  to   space 19968K, 0% used [0x00000000ee080000,0x00000000ee080000,0x00000000ef400000)
 ParOldGen       total 196096K, used 155740K [0x00000000c0000000, 0x00000000cbf80000, 0x00000000eab00000)
  object space 196096K, 79% used [0x00000000c0000000,0x00000000c9817158,0x00000000cbf80000)
 Metaspace       used 62498K, committed 63552K, reserved 1114112K
  class space    used 6600K, committed 7040K, reserved 1048576K
}
Event: 8.521 GC heap after
{Heap after GC invocations=73 (full 5):
 PSYoungGen      total 47616K, used 10211K [0x00000000eab00000, 0x00000000eea80000, 0x0000000100000000)
  eden space 37376K, 0% used [0x00000000eab00000,0x00000000eab00000,0x00000000ecf80000)
  from space 10240K, 99% used [0x00000000ee080000,0x00000000eea78e00,0x00000000eea80000)
  to   space 13312K, 0% used [0x00000000ed080000,0x00000000ed080000,0x00000000edd80000)
 ParOldGen       total 196096K, used 163991K [0x00000000c0000000, 0x00000000cbf80000, 0x00000000eab00000)
  object space 196096K, 83% used [0x00000000c0000000,0x00000000ca025dc8,0x00000000cbf80000)
 Metaspace       used 62498K, committed 63552K, reserved 1114112K
  class space    used 6600K, committed 7040K, reserved 1048576K
}
Event: 8.626 GC heap before
{Heap before GC invocations=74 (full 5):
 PSYoungGen      total 47616K, used 47587K [0x00000000eab00000, 0x00000000eea80000, 0x0000000100000000)
  eden space 37376K, 100% used [0x00000000eab00000,0x00000000ecf80000,0x00000000ecf80000)
  from space 10240K, 99% used [0x00000000ee080000,0x00000000eea78e00,0x00000000eea80000)
  to   space 13312K, 0% used [0x00000000ed080000,0x00000000ed080000,0x00000000edd80000)
 ParOldGen       total 196096K, used 163991K [0x00000000c0000000, 0x00000000cbf80000, 0x00000000eab00000)
  object space 196096K, 83% used [0x00000000c0000000,0x00000000ca025dc8,0x00000000cbf80000)
 Metaspace       used 62549K, committed 63552K, reserved 1114112K
  class space    used 6605K, committed 7040K, reserved 1048576K
}
Event: 8.635 GC heap after
{Heap after GC invocations=74 (full 5):
 PSYoungGen      total 51712K, used 13308K [0x00000000eab00000, 0x00000000ef780000, 0x0000000100000000)
  eden space 38400K, 0% used [0x00000000eab00000,0x00000000eab00000,0x00000000ed080000)
  from space 13312K, 99% used [0x00000000ed080000,0x00000000edd7f388,0x00000000edd80000)
  to   space 18944K, 0% used [0x00000000ee500000,0x00000000ee500000,0x00000000ef780000)
 ParOldGen       total 196096K, used 167872K [0x00000000c0000000, 0x00000000cbf80000, 0x00000000eab00000)
  object space 196096K, 85% used [0x00000000c0000000,0x00000000ca3f0278,0x00000000cbf80000)
 Metaspace       used 62549K, committed 63552K, reserved 1114112K
  class space    used 6605K, committed 7040K, reserved 1048576K
}
Event: 8.738 GC heap before
{Heap before GC invocations=75 (full 5):
 PSYoungGen      total 51712K, used 51708K [0x00000000eab00000, 0x00000000ef780000, 0x0000000100000000)
  eden space 38400K, 100% used [0x00000000eab00000,0x00000000ed080000,0x00000000ed080000)
  from space 13312K, 99% used [0x00000000ed080000,0x00000000edd7f388,0x00000000edd80000)
  to   space 18944K, 0% used [0x00000000ee500000,0x00000000ee500000,0x00000000ef780000)
 ParOldGen       total 196096K, used 167872K [0x00000000c0000000, 0x00000000cbf80000, 0x00000000eab00000)
  object space 196096K, 85% used [0x00000000c0000000,0x00000000ca3f0278,0x00000000cbf80000)
 Metaspace       used 62551K, committed 63552K, reserved 1114112K
  class space    used 6605K, committed 7040K, reserved 1048576K
}
Event: 8.748 GC heap after
{Heap after GC invocations=75 (full 5):
 PSYoungGen      total 55296K, used 13577K [0x00000000eab00000, 0x00000000ef280000, 0x0000000100000000)
  eden space 41472K, 0% used [0x00000000eab00000,0x00000000eab00000,0x00000000ed380000)
  from space 13824K, 98% used [0x00000000ee500000,0x00000000ef242568,0x00000000ef280000)
  to   space 15360K, 0% used [0x00000000ed480000,0x00000000ed480000,0x00000000ee380000)
 ParOldGen       total 196096K, used 175092K [0x00000000c0000000, 0x00000000cbf80000, 0x00000000eab00000)
  object space 196096K, 89% used [0x00000000c0000000,0x00000000caafd270,0x00000000cbf80000)
 Metaspace       used 62551K, committed 63552K, reserved 1114112K
  class space    used 6605K, committed 7040K, reserved 1048576K
}
Event: 8.840 GC heap before
{Heap before GC invocations=76 (full 5):
 PSYoungGen      total 55296K, used 55049K [0x00000000eab00000, 0x00000000ef280000, 0x0000000100000000)
  eden space 41472K, 100% used [0x00000000eab00000,0x00000000ed380000,0x00000000ed380000)
  from space 13824K, 98% used [0x00000000ee500000,0x00000000ef242568,0x00000000ef280000)
  to   space 15360K, 0% used [0x00000000ed480000,0x00000000ed480000,0x00000000ee380000)
 ParOldGen       total 196096K, used 175092K [0x00000000c0000000, 0x00000000cbf80000, 0x00000000eab00000)
  object space 196096K, 89% used [0x00000000c0000000,0x00000000caafd270,0x00000000cbf80000)
 Metaspace       used 62556K, committed 63552K, reserved 1114112K
  class space    used 6606K, committed 7040K, reserved 1048576K
}
Event: 8.848 GC heap after
{Heap after GC invocations=76 (full 5):
 PSYoungGen      total 57856K, used 15328K [0x00000000eab00000, 0x00000000f0000000, 0x0000000100000000)
  eden space 42496K, 0% used [0x00000000eab00000,0x00000000eab00000,0x00000000ed480000)
  from space 15360K, 99% used [0x00000000ed480000,0x00000000ee3783d0,0x00000000ee380000)
  to   space 20992K, 0% used [0x00000000eeb80000,0x00000000eeb80000,0x00000000f0000000)
 ParOldGen       total 196096K, used 179299K [0x00000000c0000000, 0x00000000cbf80000, 0x00000000eab00000)
  object space 196096K, 91% used [0x00000000c0000000,0x00000000caf18fb0,0x00000000cbf80000)
 Metaspace       used 62556K, committed 63552K, reserved 1114112K
  class space    used 6606K, committed 7040K, reserved 1048576K
}
Event: 8.918 GC heap before
{Heap before GC invocations=77 (full 5):
 PSYoungGen      total 57856K, used 57824K [0x00000000eab00000, 0x00000000f0000000, 0x0000000100000000)
  eden space 42496K, 100% used [0x00000000eab00000,0x00000000ed480000,0x00000000ed480000)
  from space 15360K, 99% used [0x00000000ed480000,0x00000000ee3783d0,0x00000000ee380000)
  to   space 20992K, 0% used [0x00000000eeb80000,0x00000000eeb80000,0x00000000f0000000)
 ParOldGen       total 196096K, used 179299K [0x00000000c0000000, 0x00000000cbf80000, 0x00000000eab00000)
  object space 196096K, 91% used [0x00000000c0000000,0x00000000caf18fb0,0x00000000cbf80000)
 Metaspace       used 62727K, committed 63744K, reserved 1114112K
  class space    used 6614K, committed 7040K, reserved 1048576K
}

