# JRE version: OpenJDK Runtime Environment Temurin-17.0.13+11 (17.0.13+11) (build 17.0.13+11)
# Java VM: OpenJDK 64-Bit Server VM Temurin-17.0.13+11 (17.0.13+11, mixed mode, tiered, compressed oops, compressed class ptrs, parallel gc, windows-amd64)
GC Precious Log:
 CPUs: 16 total, 16 available
 Memory: 7812M
 Large Page Support: Disabled
 NUMA Support: Disabled
 Compressed Oops: Enabled (32-bit)
 Alignments: Space 512K, Generation 512K, Heap 2M
 Heap Min Capacity: 100M
 Heap Initial Capacity: 100M
 Heap Max Capacity: 1G
 Pre-touch: Disabled
 Parallel Workers: 13
Heap:
 PSYoungGen      total 12800K, used 3679K [0x00000000eab00000, 0x00000000ebd80000, 0x0000000100000000)
  eden space 10752K, 15% used [0x00000000eab00000,0x00000000eac99e28,0x00000000eb580000)
  from space 2048K, 99% used [0x00000000eb600000,0x00000000eb7fe050,0x00000000eb800000)
  to   space 4096K, 0% used [0x00000000eb980000,0x00000000eb980000,0x00000000ebd80000)
 ParOldGen       total 119296K, used 114741K [0x00000000c0000000, 0x00000000c7480000, 0x00000000eab00000)
  object space 119296K, 96% used [0x00000000c0000000,0x00000000c700d7e0,0x00000000c7480000)
 Metaspace       used 62787K, committed 63936K, reserved 1114112K
  class space    used 6609K, committed 7104K, reserved 1048576K
GC Heap History (20 events):
Event: 23.979 GC heap before
{Heap before GC invocations=48 (full 3):
 PSYoungGen      total 16384K, used 16352K [0x00000000eab00000, 0x00000000ebf00000, 0x0000000100000000)
  eden space 13312K, 100% used [0x00000000eab00000,0x00000000eb800000,0x00000000eb800000)
  from space 3072K, 98% used [0x00000000eb800000,0x00000000ebaf8330,0x00000000ebb00000)
  to   space 3584K, 0% used [0x00000000ebb80000,0x00000000ebb80000,0x00000000ebf00000)
 ParOldGen       total 91648K, used 88845K [0x00000000c0000000, 0x00000000c5980000, 0x00000000eab00000)
  object space 91648K, 96% used [0x00000000c0000000,0x00000000c56c3710,0x00000000c5980000)
 Metaspace       used 62137K, committed 63296K, reserved 1114112K
  class space    used 6561K, committed 7104K, reserved 1048576K
}
Event: 23.984 GC heap after
{Heap after GC invocations=48 (full 3):
 PSYoungGen      total 16384K, used 3006K [0x00000000eab00000, 0x00000000ebe80000, 0x0000000100000000)
  eden space 13312K, 0% used [0x00000000eab00000,0x00000000eab00000,0x00000000eb800000)
  from space 3072K, 97% used [0x00000000ebb80000,0x00000000ebe6f928,0x00000000ebe80000)
  to   space 3072K, 0% used [0x00000000eb800000,0x00000000eb800000,0x00000000ebb00000)
 ParOldGen       total 92160K, used 91724K [0x00000000c0000000, 0x00000000c5a00000, 0x00000000eab00000)
  object space 92160K, 99% used [0x00000000c0000000,0x00000000c5993078,0x00000000c5a00000)
 Metaspace       used 62137K, committed 63296K, reserved 1114112K
  class space    used 6561K, committed 7104K, reserved 1048576K
}
Event: 24.103 GC heap before
{Heap before GC invocations=49 (full 4):
 PSYoungGen      total 16384K, used 16318K [0x00000000eab00000, 0x00000000ebe80000, 0x0000000100000000)
  eden space 13312K, 100% used [0x00000000eab00000,0x00000000eb800000,0x00000000eb800000)
  from space 3072K, 97% used [0x00000000ebb80000,0x00000000ebe6f928,0x00000000ebe80000)
  to   space 3072K, 0% used [0x00000000eb800000,0x00000000eb800000,0x00000000ebb00000)
 ParOldGen       total 92160K, used 91724K [0x00000000c0000000, 0x00000000c5a00000, 0x00000000eab00000)
  object space 92160K, 99% used [0x00000000c0000000,0x00000000c5993078,0x00000000c5a00000)
 Metaspace       used 62314K, committed 63488K, reserved 1114112K
  class space    used 6573K, committed 7104K, reserved 1048576K
}
Event: 24.204 GC heap after
{Heap after GC invocations=49 (full 4):
 PSYoungGen      total 16384K, used 0K [0x00000000eab00000, 0x00000000ebe00000, 0x0000000100000000)
  eden space 13312K, 0% used [0x00000000eab00000,0x00000000eab00000,0x00000000eb800000)
  from space 3072K, 0% used [0x00000000eb800000,0x00000000eb800000,0x00000000ebb00000)
  to   space 3072K, 0% used [0x00000000ebb00000,0x00000000ebb00000,0x00000000ebe00000)
 ParOldGen       total 119296K, used 91564K [0x00000000c0000000, 0x00000000c7480000, 0x00000000eab00000)
  object space 119296K, 76% used [0x00000000c0000000,0x00000000c596b2c0,0x00000000c7480000)
 Metaspace       used 62314K, committed 63488K, reserved 1114112K
  class space    used 6573K, committed 7104K, reserved 1048576K
}
Event: 24.329 GC heap before
{Heap before GC invocations=50 (full 4):
 PSYoungGen      total 16384K, used 13312K [0x00000000eab00000, 0x00000000ebe00000, 0x0000000100000000)
  eden space 13312K, 100% used [0x00000000eab00000,0x00000000eb800000,0x00000000eb800000)
  from space 3072K, 0% used [0x00000000eb800000,0x00000000eb800000,0x00000000ebb00000)
  to   space 3072K, 0% used [0x00000000ebb00000,0x00000000ebb00000,0x00000000ebe00000)
 ParOldGen       total 119296K, used 91564K [0x00000000c0000000, 0x00000000c7480000, 0x00000000eab00000)
  object space 119296K, 76% used [0x00000000c0000000,0x00000000c596b2c0,0x00000000c7480000)
 Metaspace       used 62734K, committed 63936K, reserved 1114112K
  class space    used 6609K, committed 7104K, reserved 1048576K
}
Event: 24.337 GC heap after
{Heap after GC invocations=50 (full 4):
 PSYoungGen      total 15872K, used 3062K [0x00000000eab00000, 0x00000000ebf00000, 0x0000000100000000)
  eden space 12800K, 0% used [0x00000000eab00000,0x00000000eab00000,0x00000000eb780000)
  from space 3072K, 99% used [0x00000000ebb00000,0x00000000ebdfda40,0x00000000ebe00000)
  to   space 3584K, 0% used [0x00000000eb780000,0x00000000eb780000,0x00000000ebb00000)
 ParOldGen       total 119296K, used 93300K [0x00000000c0000000, 0x00000000c7480000, 0x00000000eab00000)
  object space 119296K, 78% used [0x00000000c0000000,0x00000000c5b1d2c8,0x00000000c7480000)
 Metaspace       used 62734K, committed 63936K, reserved 1114112K
  class space    used 6609K, committed 7104K, reserved 1048576K
}
Event: 24.466 GC heap before
{Heap before GC invocations=51 (full 4):
 PSYoungGen      total 15872K, used 15862K [0x00000000eab00000, 0x00000000ebf00000, 0x0000000100000000)
  eden space 12800K, 100% used [0x00000000eab00000,0x00000000eb780000,0x00000000eb780000)
  from space 3072K, 99% used [0x00000000ebb00000,0x00000000ebdfda40,0x00000000ebe00000)
  to   space 3584K, 0% used [0x00000000eb780000,0x00000000eb780000,0x00000000ebb00000)
 ParOldGen       total 119296K, used 93300K [0x00000000c0000000, 0x00000000c7480000, 0x00000000eab00000)
  object space 119296K, 78% used [0x00000000c0000000,0x00000000c5b1d2c8,0x00000000c7480000)
 Metaspace       used 62761K, committed 63936K, reserved 1114112K
  class space    used 6609K, committed 7104K, reserved 1048576K
}
Event: 24.472 GC heap after
{Heap after GC invocations=51 (full 4):
 PSYoungGen      total 16384K, used 3574K [0x00000000eab00000, 0x00000000ec380000, 0x0000000100000000)
  eden space 12800K, 0% used [0x00000000eab00000,0x00000000eab00000,0x00000000eb780000)
  from space 3584K, 99% used [0x00000000eb780000,0x00000000ebafd880,0x00000000ebb00000)
  to   space 6144K, 0% used [0x00000000ebd80000,0x00000000ebd80000,0x00000000ec380000)
 ParOldGen       total 119296K, used 95255K [0x00000000c0000000, 0x00000000c7480000, 0x00000000eab00000)
  object space 119296K, 79% used [0x00000000c0000000,0x00000000c5d05e88,0x00000000c7480000)
 Metaspace       used 62761K, committed 63936K, reserved 1114112K
  class space    used 6609K, committed 7104K, reserved 1048576K
}
Event: 24.573 GC heap before
{Heap before GC invocations=52 (full 4):
 PSYoungGen      total 16384K, used 16374K [0x00000000eab00000, 0x00000000ec380000, 0x0000000100000000)
  eden space 12800K, 100% used [0x00000000eab00000,0x00000000eb780000,0x00000000eb780000)
  from space 3584K, 99% used [0x00000000eb780000,0x00000000ebafd880,0x00000000ebb00000)
  to   space 6144K, 0% used [0x00000000ebd80000,0x00000000ebd80000,0x00000000ec380000)
 ParOldGen       total 119296K, used 95255K [0x00000000c0000000, 0x00000000c7480000, 0x00000000eab00000)
  object space 119296K, 79% used [0x00000000c0000000,0x00000000c5d05e88,0x00000000c7480000)
 Metaspace       used 62768K, committed 63936K, reserved 1114112K
  class space    used 6609K, committed 7104K, reserved 1048576K
}
Event: 24.581 GC heap after
{Heap after GC invocations=52 (full 4):
 PSYoungGen      total 15872K, used 2885K [0x00000000eab00000, 0x00000000ec080000, 0x0000000100000000)
  eden space 12800K, 0% used [0x00000000eab00000,0x00000000eab00000,0x00000000eb780000)
  from space 3072K, 93% used [0x00000000ebd80000,0x00000000ec051520,0x00000000ec080000)
  to   space 4096K, 0% used [0x00000000eb880000,0x00000000eb880000,0x00000000ebc80000)
 ParOldGen       total 119296K, used 98819K [0x00000000c0000000, 0x00000000c7480000, 0x00000000eab00000)
  object space 119296K, 82% used [0x00000000c0000000,0x00000000c6080c40,0x00000000c7480000)
 Metaspace       used 62768K, committed 63936K, reserved 1114112K
  class space    used 6609K, committed 7104K, reserved 1048576K
}
Event: 24.653 GC heap before
{Heap before GC invocations=53 (full 4):
 PSYoungGen      total 15872K, used 15685K [0x00000000eab00000, 0x00000000ec080000, 0x0000000100000000)
  eden space 12800K, 100% used [0x00000000eab00000,0x00000000eb780000,0x00000000eb780000)
  from space 3072K, 93% used [0x00000000ebd80000,0x00000000ec051520,0x00000000ec080000)
  to   space 4096K, 0% used [0x00000000eb880000,0x00000000eb880000,0x00000000ebc80000)
 ParOldGen       total 119296K, used 98819K [0x00000000c0000000, 0x00000000c7480000, 0x00000000eab00000)
  object space 119296K, 82% used [0x00000000c0000000,0x00000000c6080c40,0x00000000c7480000)
 Metaspace       used 62768K, committed 63936K, reserved 1114112K
  class space    used 6609K, committed 7104K, reserved 1048576K
}
Event: 24.659 GC heap after
{Heap after GC invocations=53 (full 4):
 PSYoungGen      total 15872K, used 2863K [0x00000000eab00000, 0x00000000ebe00000, 0x0000000100000000)
  eden space 12800K, 0% used [0x00000000eab00000,0x00000000eab00000,0x00000000eb780000)
  from space 3072K, 93% used [0x00000000eb880000,0x00000000ebb4bd28,0x00000000ebb80000)
  to   space 2560K, 0% used [0x00000000ebb80000,0x00000000ebb80000,0x00000000ebe00000)
 ParOldGen       total 119296K, used 101534K [0x00000000c0000000, 0x00000000c7480000, 0x00000000eab00000)
  object space 119296K, 85% used [0x00000000c0000000,0x00000000c6327808,0x00000000c7480000)
 Metaspace       used 62768K, committed 63936K, reserved 1114112K
  class space    used 6609K, committed 7104K, reserved 1048576K
}
Event: 24.752 GC heap before
{Heap before GC invocations=54 (full 4):
 PSYoungGen      total 15872K, used 15663K [0x00000000eab00000, 0x00000000ebe00000, 0x0000000100000000)
  eden space 12800K, 100% used [0x00000000eab00000,0x00000000eb780000,0x00000000eb780000)
  from space 3072K, 93% used [0x00000000eb880000,0x00000000ebb4bd28,0x00000000ebb80000)
  to   space 2560K, 0% used [0x00000000ebb80000,0x00000000ebb80000,0x00000000ebe00000)
 ParOldGen       total 119296K, used 101534K [0x00000000c0000000, 0x00000000c7480000, 0x00000000eab00000)
  object space 119296K, 85% used [0x00000000c0000000,0x00000000c6327808,0x00000000c7480000)
 Metaspace       used 62768K, committed 63936K, reserved 1114112K
  class space    used 6609K, committed 7104K, reserved 1048576K
}
Event: 24.758 GC heap after
{Heap after GC invocations=54 (full 4):
 PSYoungGen      total 13312K, used 2532K [0x00000000eab00000, 0x00000000ec380000, 0x0000000100000000)
  eden space 10752K, 0% used [0x00000000eab00000,0x00000000eab00000,0x00000000eb580000)
  from space 2560K, 98% used [0x00000000ebb80000,0x00000000ebdf93b8,0x00000000ebe00000)
  to   space 6144K, 0% used [0x00000000eb580000,0x00000000eb580000,0x00000000ebb80000)
 ParOldGen       total 119296K, used 104278K [0x00000000c0000000, 0x00000000c7480000, 0x00000000eab00000)
  object space 119296K, 87% used [0x00000000c0000000,0x00000000c65d5918,0x00000000c7480000)
 Metaspace       used 62768K, committed 63936K, reserved 1114112K
  class space    used 6609K, committed 7104K, reserved 1048576K
}
Event: 24.833 GC heap before
{Heap before GC invocations=55 (full 4):
 PSYoungGen      total 13312K, used 13284K [0x00000000eab00000, 0x00000000ec380000, 0x0000000100000000)
  eden space 10752K, 100% used [0x00000000eab00000,0x00000000eb580000,0x00000000eb580000)
  from space 2560K, 98% used [0x00000000ebb80000,0x00000000ebdf93b8,0x00000000ebe00000)
  to   space 6144K, 0% used [0x00000000eb580000,0x00000000eb580000,0x00000000ebb80000)
 ParOldGen       total 119296K, used 104278K [0x00000000c0000000, 0x00000000c7480000, 0x00000000eab00000)
  object space 119296K, 87% used [0x00000000c0000000,0x00000000c65d5918,0x00000000c7480000)
 Metaspace       used 62768K, committed 63936K, reserved 1114112K
  class space    used 6609K, committed 7104K, reserved 1048576K
}
Event: 24.839 GC heap after
{Heap after GC invocations=55 (full 4):
 PSYoungGen      total 13312K, used 2486K [0x00000000eab00000, 0x00000000ebc80000, 0x0000000100000000)
  eden space 10752K, 0% used [0x00000000eab00000,0x00000000eab00000,0x00000000eb580000)
  from space 2560K, 97% used [0x00000000eb580000,0x00000000eb7ed8a8,0x00000000eb800000)
  to   space 3584K, 0% used [0x00000000eb900000,0x00000000eb900000,0x00000000ebc80000)
 ParOldGen       total 119296K, used 106680K [0x00000000c0000000, 0x00000000c7480000, 0x00000000eab00000)
  object space 119296K, 89% used [0x00000000c0000000,0x00000000c682e2e8,0x00000000c7480000)
 Metaspace       used 62768K, committed 63936K, reserved 1114112K
  class space    used 6609K, committed 7104K, reserved 1048576K
}
Event: 24.911 GC heap before
{Heap before GC invocations=56 (full 4):
 PSYoungGen      total 13312K, used 13238K [0x00000000eab00000, 0x00000000ebc80000, 0x0000000100000000)
  eden space 10752K, 99% used [0x00000000eab00000,0x00000000eb57fff8,0x00000000eb580000)
  from space 2560K, 97% used [0x00000000eb580000,0x00000000eb7ed8a8,0x00000000eb800000)
  to   space 3584K, 0% used [0x00000000eb900000,0x00000000eb900000,0x00000000ebc80000)
 ParOldGen       total 119296K, used 106680K [0x00000000c0000000, 0x00000000c7480000, 0x00000000eab00000)
  object space 119296K, 89% used [0x00000000c0000000,0x00000000c682e2e8,0x00000000c7480000)
 Metaspace       used 62768K, committed 63936K, reserved 1114112K
  class space    used 6609K, committed 7104K, reserved 1048576K
}
Event: 24.916 GC heap after
{Heap after GC invocations=56 (full 4):
 PSYoungGen      total 13312K, used 2449K [0x00000000eab00000, 0x00000000ebb80000, 0x0000000100000000)
  eden space 10752K, 0% used [0x00000000eab00000,0x00000000eab00000,0x00000000eb580000)
  from space 2560K, 95% used [0x00000000eb900000,0x00000000ebb64440,0x00000000ebb80000)
  to   space 3072K, 0% used [0x00000000eb580000,0x00000000eb580000,0x00000000eb880000)
 ParOldGen       total 119296K, used 108930K [0x00000000c0000000, 0x00000000c7480000, 0x00000000eab00000)
  object space 119296K, 91% used [0x00000000c0000000,0x00000000c6a60ab8,0x00000000c7480000)
 Metaspace       used 62768K, committed 63936K, reserved 1114112K
  class space    used 6609K, committed 7104K, reserved 1048576K
}
Event: 25.010 GC heap before
{Heap before GC invocations=57 (full 4):
 PSYoungGen      total 13312K, used 13201K [0x00000000eab00000, 0x00000000ebb80000, 0x0000000100000000)
  eden space 10752K, 100% used [0x00000000eab00000,0x00000000eb580000,0x00000000eb580000)
  from space 2560K, 95% used [0x00000000eb900000,0x00000000ebb64440,0x00000000ebb80000)
  to   space 3072K, 0% used [0x00000000eb580000,0x00000000eb580000,0x00000000eb880000)
 ParOldGen       total 119296K, used 108930K [0x00000000c0000000, 0x00000000c7480000, 0x00000000eab00000)
  object space 119296K, 91% used [0x00000000c0000000,0x00000000c6a60ab8,0x00000000c7480000)
 Metaspace       used 62778K, committed 63936K, reserved 1114112K
  class space    used 6609K, committed 7104K, reserved 1048576K
}
Event: 25.016 GC heap after
{Heap after GC invocations=57 (full 4):
 PSYoungGen      total 13312K, used 2328K [0x00000000eab00000, 0x00000000eba80000, 0x0000000100000000)
  eden space 10752K, 0% used [0x00000000eab00000,0x00000000eab00000,0x00000000eb580000)
  from space 2560K, 90% used [0x00000000eb580000,0x00000000eb7c6228,0x00000000eb800000)
  to   space 2560K, 0% used [0x00000000eb800000,0x00000000eb800000,0x00000000eba80000)
 ParOldGen       total 119296K, used 111217K [0x00000000c0000000, 0x00000000c7480000, 0x00000000eab00000)
  object space 119296K, 93% used [0x00000000c0000000,0x00000000c6c9c628,0x00000000c7480000)
 Metaspace       used 62778K, committed 63936K, reserved 1114112K
  class space    used 6609K, committed 7104K, reserved 1048576K
}

