# JRE version: OpenJDK Runtime Environment Temurin-17.0.13+11 (17.0.13+11) (build 17.0.13+11)
# Java VM: OpenJDK 64-Bit Server VM Temurin-17.0.13+11 (17.0.13+11, mixed mode, tiered, compressed oops, compressed class ptrs, parallel gc, windows-amd64)
GC Precious Log:
 CPUs: 16 total, 16 available
 Memory: 7812M
 Large Page Support: Disabled
 NUMA Support: Disabled
 Compressed Oops: Enabled (32-bit)
 Alignments: Space 512K, Generation 512K, Heap 2M
 Heap Min Capacity: 100M
 Heap Initial Capacity: 100M
 Heap Max Capacity: 1G
 Pre-touch: Disabled
 Parallel Workers: 13
Heap:
 PSYoungGen      total 19968K, used 19636K [0x00000000eab00000, 0x00000000ec280000, 0x0000000100000000)
  eden space 16896K, 99% used [0x00000000eab00000,0x00000000ebb77640,0x00000000ebb80000)
  from space 3072K, 90% used [0x00000000ebf80000,0x00000000ec235c40,0x00000000ec280000)
  to   space 3072K, 91% used [0x00000000ebc80000,0x00000000ebf42540,0x00000000ebf80000)
 ParOldGen       total 68608K, used 55001K [0x00000000c0000000, 0x00000000c4300000, 0x00000000eab00000)
  object space 68608K, 80% used [0x00000000c0000000,0x00000000c35b6490,0x00000000c4300000)
 Metaspace       used 50729K, committed 51712K, reserved 1114112K
  class space    used 5289K, committed 5760K, reserved 1048576K
GC Heap History (20 events):
Event: 4.770 GC heap after
{Heap after GC invocations=19 (full 2):
 PSYoungGen      total 22016K, used 2780K [0x00000000eab00000, 0x00000000ec580000, 0x0000000100000000)
  eden space 18944K, 0% used [0x00000000eab00000,0x00000000eab00000,0x00000000ebd80000)
  from space 3072K, 90% used [0x00000000ebd80000,0x00000000ec037350,0x00000000ec080000)
  to   space 4096K, 0% used [0x00000000ec180000,0x00000000ec180000,0x00000000ec580000)
 ParOldGen       total 68608K, used 26790K [0x00000000c0000000, 0x00000000c4300000, 0x00000000eab00000)
  object space 68608K, 39% used [0x00000000c0000000,0x00000000c1a29ba8,0x00000000c4300000)
 Metaspace       used 45167K, committed 46080K, reserved 1114112K
  class space    used 4591K, committed 4992K, reserved 1048576K
}
Event: 4.868 GC heap before
{Heap before GC invocations=20 (full 2):
 PSYoungGen      total 22016K, used 21724K [0x00000000eab00000, 0x00000000ec580000, 0x0000000100000000)
  eden space 18944K, 100% used [0x00000000eab00000,0x00000000ebd80000,0x00000000ebd80000)
  from space 3072K, 90% used [0x00000000ebd80000,0x00000000ec037350,0x00000000ec080000)
  to   space 4096K, 0% used [0x00000000ec180000,0x00000000ec180000,0x00000000ec580000)
 ParOldGen       total 68608K, used 26790K [0x00000000c0000000, 0x00000000c4300000, 0x00000000eab00000)
  object space 68608K, 39% used [0x00000000c0000000,0x00000000c1a29ba8,0x00000000c4300000)
 Metaspace       used 46118K, committed 47104K, reserved 1114112K
  class space    used 4704K, committed 5120K, reserved 1048576K
}
Event: 4.871 GC heap after
{Heap after GC invocations=20 (full 2):
 PSYoungGen      total 23040K, used 3518K [0x00000000eab00000, 0x00000000ec580000, 0x0000000100000000)
  eden space 18944K, 0% used [0x00000000eab00000,0x00000000eab00000,0x00000000ebd80000)
  from space 4096K, 85% used [0x00000000ec180000,0x00000000ec4ef930,0x00000000ec580000)
  to   space 4096K, 0% used [0x00000000ebd80000,0x00000000ebd80000,0x00000000ec180000)
 ParOldGen       total 68608K, used 29322K [0x00000000c0000000, 0x00000000c4300000, 0x00000000eab00000)
  object space 68608K, 42% used [0x00000000c0000000,0x00000000c1ca2b18,0x00000000c4300000)
 Metaspace       used 46118K, committed 47104K, reserved 1114112K
  class space    used 4704K, committed 5120K, reserved 1048576K
}
Event: 4.934 GC heap before
{Heap before GC invocations=21 (full 2):
 PSYoungGen      total 23040K, used 22462K [0x00000000eab00000, 0x00000000ec580000, 0x0000000100000000)
  eden space 18944K, 100% used [0x00000000eab00000,0x00000000ebd80000,0x00000000ebd80000)
  from space 4096K, 85% used [0x00000000ec180000,0x00000000ec4ef930,0x00000000ec580000)
  to   space 4096K, 0% used [0x00000000ebd80000,0x00000000ebd80000,0x00000000ec180000)
 ParOldGen       total 68608K, used 29322K [0x00000000c0000000, 0x00000000c4300000, 0x00000000eab00000)
  object space 68608K, 42% used [0x00000000c0000000,0x00000000c1ca2b18,0x00000000c4300000)
 Metaspace       used 46981K, committed 48000K, reserved 1114112K
  class space    used 4782K, committed 5248K, reserved 1048576K
}
Event: 4.938 GC heap after
{Heap after GC invocations=21 (full 2):
 PSYoungGen      total 23040K, used 3700K [0x00000000eab00000, 0x00000000ec580000, 0x0000000100000000)
  eden space 18944K, 0% used [0x00000000eab00000,0x00000000eab00000,0x00000000ebd80000)
  from space 4096K, 90% used [0x00000000ebd80000,0x00000000ec11d198,0x00000000ec180000)
  to   space 4096K, 0% used [0x00000000ec180000,0x00000000ec180000,0x00000000ec580000)
 ParOldGen       total 68608K, used 32440K [0x00000000c0000000, 0x00000000c4300000, 0x00000000eab00000)
  object space 68608K, 47% used [0x00000000c0000000,0x00000000c1fae330,0x00000000c4300000)
 Metaspace       used 46981K, committed 48000K, reserved 1114112K
  class space    used 4782K, committed 5248K, reserved 1048576K
}
Event: 5.011 GC heap before
{Heap before GC invocations=22 (full 2):
 PSYoungGen      total 23040K, used 22644K [0x00000000eab00000, 0x00000000ec580000, 0x0000000100000000)
  eden space 18944K, 100% used [0x00000000eab00000,0x00000000ebd80000,0x00000000ebd80000)
  from space 4096K, 90% used [0x00000000ebd80000,0x00000000ec11d198,0x00000000ec180000)
  to   space 4096K, 0% used [0x00000000ec180000,0x00000000ec180000,0x00000000ec580000)
 ParOldGen       total 68608K, used 32440K [0x00000000c0000000, 0x00000000c4300000, 0x00000000eab00000)
  object space 68608K, 47% used [0x00000000c0000000,0x00000000c1fae330,0x00000000c4300000)
 Metaspace       used 47897K, committed 48960K, reserved 1114112K
  class space    used 4907K, committed 5376K, reserved 1048576K
}
Event: 5.014 GC heap after
{Heap after GC invocations=22 (full 2):
 PSYoungGen      total 21504K, used 2497K [0x00000000eab00000, 0x00000000ec400000, 0x0000000100000000)
  eden space 18944K, 0% used [0x00000000eab00000,0x00000000eab00000,0x00000000ebd80000)
  from space 2560K, 97% used [0x00000000ec180000,0x00000000ec3f0678,0x00000000ec400000)
  to   space 3072K, 0% used [0x00000000ebe00000,0x00000000ebe00000,0x00000000ec100000)
 ParOldGen       total 68608K, used 35938K [0x00000000c0000000, 0x00000000c4300000, 0x00000000eab00000)
  object space 68608K, 52% used [0x00000000c0000000,0x00000000c2318a78,0x00000000c4300000)
 Metaspace       used 47897K, committed 48960K, reserved 1114112K
  class space    used 4907K, committed 5376K, reserved 1048576K
}
Event: 5.075 GC heap before
{Heap before GC invocations=23 (full 2):
 PSYoungGen      total 21504K, used 21441K [0x00000000eab00000, 0x00000000ec400000, 0x0000000100000000)
  eden space 18944K, 100% used [0x00000000eab00000,0x00000000ebd80000,0x00000000ebd80000)
  from space 2560K, 97% used [0x00000000ec180000,0x00000000ec3f0678,0x00000000ec400000)
  to   space 3072K, 0% used [0x00000000ebe00000,0x00000000ebe00000,0x00000000ec100000)
 ParOldGen       total 68608K, used 35938K [0x00000000c0000000, 0x00000000c4300000, 0x00000000eab00000)
  object space 68608K, 52% used [0x00000000c0000000,0x00000000c2318a78,0x00000000c4300000)
 Metaspace       used 48099K, committed 49152K, reserved 1114112K
  class space    used 4939K, committed 5376K, reserved 1048576K
}
Event: 5.077 GC heap after
{Heap after GC invocations=23 (full 2):
 PSYoungGen      total 22016K, used 3070K [0x00000000eab00000, 0x00000000ec980000, 0x0000000100000000)
  eden space 18944K, 0% used [0x00000000eab00000,0x00000000eab00000,0x00000000ebd80000)
  from space 3072K, 99% used [0x00000000ebe00000,0x00000000ec0ff910,0x00000000ec100000)
  to   space 6144K, 0% used [0x00000000ec380000,0x00000000ec380000,0x00000000ec980000)
 ParOldGen       total 68608K, used 38085K [0x00000000c0000000, 0x00000000c4300000, 0x00000000eab00000)
  object space 68608K, 55% used [0x00000000c0000000,0x00000000c2531780,0x00000000c4300000)
 Metaspace       used 48099K, committed 49152K, reserved 1114112K
  class space    used 4939K, committed 5376K, reserved 1048576K
}
Event: 5.160 GC heap before
{Heap before GC invocations=24 (full 2):
 PSYoungGen      total 22016K, used 22014K [0x00000000eab00000, 0x00000000ec980000, 0x0000000100000000)
  eden space 18944K, 100% used [0x00000000eab00000,0x00000000ebd80000,0x00000000ebd80000)
  from space 3072K, 99% used [0x00000000ebe00000,0x00000000ec0ff910,0x00000000ec100000)
  to   space 6144K, 0% used [0x00000000ec380000,0x00000000ec380000,0x00000000ec980000)
 ParOldGen       total 68608K, used 38085K [0x00000000c0000000, 0x00000000c4300000, 0x00000000eab00000)
  object space 68608K, 55% used [0x00000000c0000000,0x00000000c2531780,0x00000000c4300000)
 Metaspace       used 48754K, committed 49792K, reserved 1114112K
  class space    used 5011K, committed 5504K, reserved 1048576K
}
Event: 5.164 GC heap after
{Heap after GC invocations=24 (full 2):
 PSYoungGen      total 23040K, used 3592K [0x00000000eab00000, 0x00000000ec780000, 0x0000000100000000)
  eden space 18944K, 0% used [0x00000000eab00000,0x00000000eab00000,0x00000000ebd80000)
  from space 4096K, 87% used [0x00000000ec380000,0x00000000ec7023a0,0x00000000ec780000)
  to   space 4608K, 0% used [0x00000000ebe80000,0x00000000ebe80000,0x00000000ec300000)
 ParOldGen       total 68608K, used 40889K [0x00000000c0000000, 0x00000000c4300000, 0x00000000eab00000)
  object space 68608K, 59% used [0x00000000c0000000,0x00000000c27ee6f0,0x00000000c4300000)
 Metaspace       used 48754K, committed 49792K, reserved 1114112K
  class space    used 5011K, committed 5504K, reserved 1048576K
}
Event: 5.235 GC heap before
{Heap before GC invocations=25 (full 2):
 PSYoungGen      total 23040K, used 22536K [0x00000000eab00000, 0x00000000ec780000, 0x0000000100000000)
  eden space 18944K, 100% used [0x00000000eab00000,0x00000000ebd80000,0x00000000ebd80000)
  from space 4096K, 87% used [0x00000000ec380000,0x00000000ec7023a0,0x00000000ec780000)
  to   space 4608K, 0% used [0x00000000ebe80000,0x00000000ebe80000,0x00000000ec300000)
 ParOldGen       total 68608K, used 40889K [0x00000000c0000000, 0x00000000c4300000, 0x00000000eab00000)
  object space 68608K, 59% used [0x00000000c0000000,0x00000000c27ee6f0,0x00000000c4300000)
 Metaspace       used 49348K, committed 50432K, reserved 1114112K
  class space    used 5095K, committed 5568K, reserved 1048576K
}
Event: 5.240 GC heap after
{Heap after GC invocations=25 (full 2):
 PSYoungGen      total 22528K, used 3389K [0x00000000eab00000, 0x00000000ec480000, 0x0000000100000000)
  eden space 18944K, 0% used [0x00000000eab00000,0x00000000eab00000,0x00000000ebd80000)
  from space 3584K, 94% used [0x00000000ebe80000,0x00000000ec1cf628,0x00000000ec200000)
  to   space 2560K, 0% used [0x00000000ec200000,0x00000000ec200000,0x00000000ec480000)
 ParOldGen       total 68608K, used 44135K [0x00000000c0000000, 0x00000000c4300000, 0x00000000eab00000)
  object space 68608K, 64% used [0x00000000c0000000,0x00000000c2b19ee0,0x00000000c4300000)
 Metaspace       used 49348K, committed 50432K, reserved 1114112K
  class space    used 5095K, committed 5568K, reserved 1048576K
}
Event: 5.307 GC heap before
{Heap before GC invocations=26 (full 2):
 PSYoungGen      total 22528K, used 22333K [0x00000000eab00000, 0x00000000ec480000, 0x0000000100000000)
  eden space 18944K, 100% used [0x00000000eab00000,0x00000000ebd80000,0x00000000ebd80000)
  from space 3584K, 94% used [0x00000000ebe80000,0x00000000ec1cf628,0x00000000ec200000)
  to   space 2560K, 0% used [0x00000000ec200000,0x00000000ec200000,0x00000000ec480000)
 ParOldGen       total 68608K, used 44135K [0x00000000c0000000, 0x00000000c4300000, 0x00000000eab00000)
  object space 68608K, 64% used [0x00000000c0000000,0x00000000c2b19ee0,0x00000000c4300000)
 Metaspace       used 49727K, committed 50752K, reserved 1114112K
  class space    used 5136K, committed 5568K, reserved 1048576K
}
Event: 5.310 GC heap after
{Heap after GC invocations=26 (full 2):
 PSYoungGen      total 19456K, used 2541K [0x00000000eab00000, 0x00000000eca80000, 0x0000000100000000)
  eden space 16896K, 0% used [0x00000000eab00000,0x00000000eab00000,0x00000000ebb80000)
  from space 2560K, 99% used [0x00000000ec200000,0x00000000ec47b448,0x00000000ec480000)
  to   space 6656K, 0% used [0x00000000ebb80000,0x00000000ebb80000,0x00000000ec200000)
 ParOldGen       total 68608K, used 47666K [0x00000000c0000000, 0x00000000c4300000, 0x00000000eab00000)
  object space 68608K, 69% used [0x00000000c0000000,0x00000000c2e8ca40,0x00000000c4300000)
 Metaspace       used 49727K, committed 50752K, reserved 1114112K
  class space    used 5136K, committed 5568K, reserved 1048576K
}
Event: 5.368 GC heap before
{Heap before GC invocations=27 (full 2):
 PSYoungGen      total 19456K, used 19429K [0x00000000eab00000, 0x00000000eca80000, 0x0000000100000000)
  eden space 16896K, 99% used [0x00000000eab00000,0x00000000ebb7e300,0x00000000ebb80000)
  from space 2560K, 99% used [0x00000000ec200000,0x00000000ec47b448,0x00000000ec480000)
  to   space 6656K, 0% used [0x00000000ebb80000,0x00000000ebb80000,0x00000000ec200000)
 ParOldGen       total 68608K, used 47666K [0x00000000c0000000, 0x00000000c4300000, 0x00000000eab00000)
  object space 68608K, 69% used [0x00000000c0000000,0x00000000c2e8ca40,0x00000000c4300000)
 Metaspace       used 50042K, committed 51008K, reserved 1114112K
  class space    used 5189K, committed 5632K, reserved 1048576K
}
Event: 5.371 GC heap after
{Heap after GC invocations=27 (full 2):
 PSYoungGen      total 19456K, used 2550K [0x00000000eab00000, 0x00000000ec380000, 0x0000000100000000)
  eden space 16896K, 0% used [0x00000000eab00000,0x00000000eab00000,0x00000000ebb80000)
  from space 2560K, 99% used [0x00000000ebb80000,0x00000000ebdfd858,0x00000000ebe00000)
  to   space 4096K, 0% used [0x00000000ebf80000,0x00000000ebf80000,0x00000000ec380000)
 ParOldGen       total 68608K, used 50168K [0x00000000c0000000, 0x00000000c4300000, 0x00000000eab00000)
  object space 68608K, 73% used [0x00000000c0000000,0x00000000c30fe1f8,0x00000000c4300000)
 Metaspace       used 50042K, committed 51008K, reserved 1114112K
  class space    used 5189K, committed 5632K, reserved 1048576K
}
Event: 5.428 GC heap before
{Heap before GC invocations=28 (full 2):
 PSYoungGen      total 19456K, used 19446K [0x00000000eab00000, 0x00000000ec380000, 0x0000000100000000)
  eden space 16896K, 100% used [0x00000000eab00000,0x00000000ebb80000,0x00000000ebb80000)
  from space 2560K, 99% used [0x00000000ebb80000,0x00000000ebdfd858,0x00000000ebe00000)
  to   space 4096K, 0% used [0x00000000ebf80000,0x00000000ebf80000,0x00000000ec380000)
 ParOldGen       total 68608K, used 50168K [0x00000000c0000000, 0x00000000c4300000, 0x00000000eab00000)
  object space 68608K, 73% used [0x00000000c0000000,0x00000000c30fe1f8,0x00000000c4300000)
 Metaspace       used 50306K, committed 51328K, reserved 1114112K
  class space    used 5240K, committed 5696K, reserved 1048576K
}
Event: 5.430 GC heap after
{Heap after GC invocations=28 (full 2):
 PSYoungGen      total 19968K, used 2775K [0x00000000eab00000, 0x00000000ec280000, 0x0000000100000000)
  eden space 16896K, 0% used [0x00000000eab00000,0x00000000eab00000,0x00000000ebb80000)
  from space 3072K, 90% used [0x00000000ebf80000,0x00000000ec235c40,0x00000000ec280000)
  to   space 3072K, 0% used [0x00000000ebc80000,0x00000000ebc80000,0x00000000ebf80000)
 ParOldGen       total 68608K, used 52511K [0x00000000c0000000, 0x00000000c4300000, 0x00000000eab00000)
  object space 68608K, 76% used [0x00000000c0000000,0x00000000c3347e90,0x00000000c4300000)
 Metaspace       used 50306K, committed 51328K, reserved 1114112K
  class space    used 5240K, committed 5696K, reserved 1048576K
}
Event: 5.487 GC heap before
{Heap before GC invocations=29 (full 2):
 PSYoungGen      total 19968K, used 19636K [0x00000000eab00000, 0x00000000ec280000, 0x0000000100000000)
  eden space 16896K, 99% used [0x00000000eab00000,0x00000000ebb77640,0x00000000ebb80000)
  from space 3072K, 90% used [0x00000000ebf80000,0x00000000ec235c40,0x00000000ec280000)
  to   space 3072K, 0% used [0x00000000ebc80000,0x00000000ebc80000,0x00000000ebf80000)
 ParOldGen       total 68608K, used 52511K [0x00000000c0000000, 0x00000000c4300000, 0x00000000eab00000)
  object space 68608K, 76% used [0x00000000c0000000,0x00000000c3347e90,0x00000000c4300000)
 Metaspace       used 50729K, committed 51712K, reserved 1114112K
  class space    used 5289K, committed 5760K, reserved 1048576K
}

