# JRE version: OpenJDK Runtime Environment Temurin-17.0.13+11 (17.0.13+11) (build 17.0.13+11)
# Java VM: OpenJDK 64-Bit Server VM Temurin-17.0.13+11 (17.0.13+11, mixed mode, tiered, compressed oops, compressed class ptrs, parallel gc, windows-amd64)
GC Precious Log:
 CPUs: 16 total, 16 available
 Memory: 7812M
 Large Page Support: Disabled
 NUMA Support: Disabled
 Compressed Oops: Enabled (32-bit)
 Alignments: Space 512K, Generation 512K, Heap 2M
 Heap Min Capacity: 100M
 Heap Initial Capacity: 100M
 Heap Max Capacity: 1G
 Pre-touch: Disabled
 Parallel Workers: 13
Heap:
 PSYoungGen      total 20480K, used 10149K [0x00000000eab00000, 0x00000000ecc80000, 0x0000000100000000)
  eden space 19456K, 46% used [0x00000000eab00000,0x00000000eb3eb100,0x00000000ebe00000)
  from space 1024K, 99% used [0x00000000ec400000,0x00000000ec4fe598,0x00000000ec500000)
  to   space 6144K, 0% used [0x00000000ebe00000,0x00000000ebe00000,0x00000000ec400000)
 ParOldGen       total 411648K, used 406839K [0x00000000c0000000, 0x00000000d9200000, 0x00000000eab00000)
  object space 411648K, 98% used [0x00000000c0000000,0x00000000d8d4dd80,0x00000000d9200000)
 Metaspace       used 77915K, committed 79168K, reserved 1179648K
  class space    used 8095K, committed 8640K, reserved 1048576K
GC Heap History (20 events):
Event: 90.115 GC heap before
{Heap before GC invocations=104 (full 8):
 PSYoungGen      total 23040K, used 22672K [0x00000000eab00000, 0x00000000ecd00000, 0x0000000100000000)
  eden space 22016K, 100% used [0x00000000eab00000,0x00000000ec080000,0x00000000ec080000)
  from space 1024K, 64% used [0x00000000ecc00000,0x00000000ecca4030,0x00000000ecd00000)
  to   space 4608K, 0% used [0x00000000ec400000,0x00000000ec400000,0x00000000ec880000)
 ParOldGen       total 411648K, used 397885K [0x00000000c0000000, 0x00000000d9200000, 0x00000000eab00000)
  object space 411648K, 96% used [0x00000000c0000000,0x00000000d848f570,0x00000000d9200000)
 Metaspace       used 76598K, committed 77888K, reserved 1179648K
  class space    used 8085K, committed 8640K, reserved 1048576K
}
Event: 90.119 GC heap after
{Heap after GC invocations=104 (full 8):
 PSYoungGen      total 26624K, used 4382K [0x00000000eab00000, 0x00000000ecc80000, 0x0000000100000000)
  eden space 22016K, 0% used [0x00000000eab00000,0x00000000eab00000,0x00000000ec080000)
  from space 4608K, 95% used [0x00000000ec400000,0x00000000ec847b50,0x00000000ec880000)
  to   space 4096K, 0% used [0x00000000ec880000,0x00000000ec880000,0x00000000ecc80000)
 ParOldGen       total 411648K, used 397893K [0x00000000c0000000, 0x00000000d9200000, 0x00000000eab00000)
  object space 411648K, 96% used [0x00000000c0000000,0x00000000d8491570,0x00000000d9200000)
 Metaspace       used 76598K, committed 77888K, reserved 1179648K
  class space    used 8085K, committed 8640K, reserved 1048576K
}
Event: 111.660 GC heap before
{Heap before GC invocations=105 (full 8):
 PSYoungGen      total 26624K, used 26398K [0x00000000eab00000, 0x00000000ecc80000, 0x0000000100000000)
  eden space 22016K, 100% used [0x00000000eab00000,0x00000000ec080000,0x00000000ec080000)
  from space 4608K, 95% used [0x00000000ec400000,0x00000000ec847b50,0x00000000ec880000)
  to   space 4096K, 0% used [0x00000000ec880000,0x00000000ec880000,0x00000000ecc80000)
 ParOldGen       total 411648K, used 397893K [0x00000000c0000000, 0x00000000d9200000, 0x00000000eab00000)
  object space 411648K, 96% used [0x00000000c0000000,0x00000000d8491570,0x00000000d9200000)
 Metaspace       used 76784K, committed 78016K, reserved 1179648K
  class space    used 8086K, committed 8640K, reserved 1048576K
}
Event: 111.664 GC heap after
{Heap after GC invocations=105 (full 8):
 PSYoungGen      total 23552K, used 1200K [0x00000000eab00000, 0x00000000eca00000, 0x0000000100000000)
  eden space 22016K, 0% used [0x00000000eab00000,0x00000000eab00000,0x00000000ec080000)
  from space 1536K, 78% used [0x00000000ec880000,0x00000000ec9ac050,0x00000000eca00000)
  to   space 2560K, 0% used [0x00000000ec500000,0x00000000ec500000,0x00000000ec780000)
 ParOldGen       total 411648K, used 397901K [0x00000000c0000000, 0x00000000d9200000, 0x00000000eab00000)
  object space 411648K, 96% used [0x00000000c0000000,0x00000000d8493570,0x00000000d9200000)
 Metaspace       used 76784K, committed 78016K, reserved 1179648K
  class space    used 8086K, committed 8640K, reserved 1048576K
}
Event: 120.515 GC heap before
{Heap before GC invocations=106 (full 8):
 PSYoungGen      total 23552K, used 23216K [0x00000000eab00000, 0x00000000eca00000, 0x0000000100000000)
  eden space 22016K, 99% used [0x00000000eab00000,0x00000000ec07fff0,0x00000000ec080000)
  from space 1536K, 78% used [0x00000000ec880000,0x00000000ec9ac050,0x00000000eca00000)
  to   space 2560K, 0% used [0x00000000ec500000,0x00000000ec500000,0x00000000ec780000)
 ParOldGen       total 411648K, used 397901K [0x00000000c0000000, 0x00000000d9200000, 0x00000000eab00000)
  object space 411648K, 96% used [0x00000000c0000000,0x00000000d8493570,0x00000000d9200000)
 Metaspace       used 76917K, committed 78208K, reserved 1179648K
  class space    used 8086K, committed 8640K, reserved 1048576K
}
Event: 120.517 GC heap after
{Heap after GC invocations=106 (full 8):
 PSYoungGen      total 24576K, used 912K [0x00000000eab00000, 0x00000000ec900000, 0x0000000100000000)
  eden space 22016K, 0% used [0x00000000eab00000,0x00000000eab00000,0x00000000ec080000)
  from space 2560K, 35% used [0x00000000ec500000,0x00000000ec5e4030,0x00000000ec780000)
  to   space 1536K, 0% used [0x00000000ec780000,0x00000000ec780000,0x00000000ec900000)
 ParOldGen       total 411648K, used 397909K [0x00000000c0000000, 0x00000000d9200000, 0x00000000eab00000)
  object space 411648K, 96% used [0x00000000c0000000,0x00000000d8495570,0x00000000d9200000)
 Metaspace       used 76917K, committed 78208K, reserved 1179648K
  class space    used 8086K, committed 8640K, reserved 1048576K
}
Event: 130.318 GC heap before
{Heap before GC invocations=107 (full 8):
 PSYoungGen      total 24576K, used 22918K [0x00000000eab00000, 0x00000000ec900000, 0x0000000100000000)
  eden space 22016K, 99% used [0x00000000eab00000,0x00000000ec07da00,0x00000000ec080000)
  from space 2560K, 35% used [0x00000000ec500000,0x00000000ec5e4030,0x00000000ec780000)
  to   space 1536K, 0% used [0x00000000ec780000,0x00000000ec780000,0x00000000ec900000)
 ParOldGen       total 411648K, used 397909K [0x00000000c0000000, 0x00000000d9200000, 0x00000000eab00000)
  object space 411648K, 96% used [0x00000000c0000000,0x00000000d8495570,0x00000000d9200000)
 Metaspace       used 77063K, committed 78336K, reserved 1179648K
  class space    used 8089K, committed 8640K, reserved 1048576K
}
Event: 130.322 GC heap after
{Heap after GC invocations=107 (full 8):
 PSYoungGen      total 23040K, used 864K [0x00000000eab00000, 0x00000000ec880000, 0x0000000100000000)
  eden space 22016K, 0% used [0x00000000eab00000,0x00000000eab00000,0x00000000ec080000)
  from space 1024K, 84% used [0x00000000ec780000,0x00000000ec858020,0x00000000ec880000)
  to   space 1024K, 0% used [0x00000000ec680000,0x00000000ec680000,0x00000000ec780000)
 ParOldGen       total 411648K, used 397917K [0x00000000c0000000, 0x00000000d9200000, 0x00000000eab00000)
  object space 411648K, 96% used [0x00000000c0000000,0x00000000d8497570,0x00000000d9200000)
 Metaspace       used 77063K, committed 78336K, reserved 1179648K
  class space    used 8089K, committed 8640K, reserved 1048576K
}
Event: 142.701 GC heap before
{Heap before GC invocations=108 (full 8):
 PSYoungGen      total 23040K, used 22879K [0x00000000eab00000, 0x00000000ec880000, 0x0000000100000000)
  eden space 22016K, 99% used [0x00000000eab00000,0x00000000ec07ffd0,0x00000000ec080000)
  from space 1024K, 84% used [0x00000000ec780000,0x00000000ec858020,0x00000000ec880000)
  to   space 1024K, 0% used [0x00000000ec680000,0x00000000ec680000,0x00000000ec780000)
 ParOldGen       total 411648K, used 397917K [0x00000000c0000000, 0x00000000d9200000, 0x00000000eab00000)
  object space 411648K, 96% used [0x00000000c0000000,0x00000000d8497570,0x00000000d9200000)
 Metaspace       used 77099K, committed 78400K, reserved 1179648K
  class space    used 8089K, committed 8640K, reserved 1048576K
}
Event: 142.704 GC heap after
{Heap after GC invocations=108 (full 8):
 PSYoungGen      total 22528K, used 416K [0x00000000eab00000, 0x00000000ec800000, 0x0000000100000000)
  eden space 22016K, 0% used [0x00000000eab00000,0x00000000eab00000,0x00000000ec080000)
  from space 512K, 81% used [0x00000000ec680000,0x00000000ec6e8000,0x00000000ec700000)
  to   space 1024K, 0% used [0x00000000ec700000,0x00000000ec700000,0x00000000ec800000)
 ParOldGen       total 411648K, used 397925K [0x00000000c0000000, 0x00000000d9200000, 0x00000000eab00000)
  object space 411648K, 96% used [0x00000000c0000000,0x00000000d8499570,0x00000000d9200000)
 Metaspace       used 77099K, committed 78400K, reserved 1179648K
  class space    used 8089K, committed 8640K, reserved 1048576K
}
Event: 144.280 GC heap before
{Heap before GC invocations=109 (full 8):
 PSYoungGen      total 22528K, used 22432K [0x00000000eab00000, 0x00000000ec800000, 0x0000000100000000)
  eden space 22016K, 100% used [0x00000000eab00000,0x00000000ec080000,0x00000000ec080000)
  from space 512K, 81% used [0x00000000ec680000,0x00000000ec6e8000,0x00000000ec700000)
  to   space 1024K, 0% used [0x00000000ec700000,0x00000000ec700000,0x00000000ec800000)
 ParOldGen       total 411648K, used 397925K [0x00000000c0000000, 0x00000000d9200000, 0x00000000eab00000)
  object space 411648K, 96% used [0x00000000c0000000,0x00000000d8499570,0x00000000d9200000)
 Metaspace       used 77351K, committed 78592K, reserved 1179648K
  class space    used 8089K, committed 8640K, reserved 1048576K
}
Event: 144.286 GC heap after
{Heap after GC invocations=109 (full 8):
 PSYoungGen      total 23040K, used 1007K [0x00000000eab00000, 0x00000000ecd80000, 0x0000000100000000)
  eden space 22016K, 0% used [0x00000000eab00000,0x00000000eab00000,0x00000000ec080000)
  from space 1024K, 98% used [0x00000000ec700000,0x00000000ec7fbe80,0x00000000ec800000)
  to   space 6656K, 0% used [0x00000000ec080000,0x00000000ec080000,0x00000000ec700000)
 ParOldGen       total 411648K, used 402498K [0x00000000c0000000, 0x00000000d9200000, 0x00000000eab00000)
  object space 411648K, 97% used [0x00000000c0000000,0x00000000d8910a30,0x00000000d9200000)
 Metaspace       used 77351K, committed 78592K, reserved 1179648K
  class space    used 8089K, committed 8640K, reserved 1048576K
}
Event: 162.624 GC heap before
{Heap before GC invocations=110 (full 8):
 PSYoungGen      total 23040K, used 23023K [0x00000000eab00000, 0x00000000ecd80000, 0x0000000100000000)
  eden space 22016K, 99% used [0x00000000eab00000,0x00000000ec07fff8,0x00000000ec080000)
  from space 1024K, 98% used [0x00000000ec700000,0x00000000ec7fbe80,0x00000000ec800000)
  to   space 6656K, 0% used [0x00000000ec080000,0x00000000ec080000,0x00000000ec700000)
 ParOldGen       total 411648K, used 402498K [0x00000000c0000000, 0x00000000d9200000, 0x00000000eab00000)
  object space 411648K, 97% used [0x00000000c0000000,0x00000000d8910a30,0x00000000d9200000)
 Metaspace       used 77509K, committed 78784K, reserved 1179648K
  class space    used 8093K, committed 8640K, reserved 1048576K
}
Event: 162.627 GC heap after
{Heap after GC invocations=110 (full 8):
 PSYoungGen      total 25088K, used 2786K [0x00000000eab00000, 0x00000000ec880000, 0x0000000100000000)
  eden space 22016K, 0% used [0x00000000eab00000,0x00000000eab00000,0x00000000ec080000)
  from space 3072K, 90% used [0x00000000ec080000,0x00000000ec3389d8,0x00000000ec380000)
  to   space 4096K, 0% used [0x00000000ec480000,0x00000000ec480000,0x00000000ec880000)
 ParOldGen       total 411648K, used 402570K [0x00000000c0000000, 0x00000000d9200000, 0x00000000eab00000)
  object space 411648K, 97% used [0x00000000c0000000,0x00000000d8922a30,0x00000000d9200000)
 Metaspace       used 77509K, committed 78784K, reserved 1179648K
  class space    used 8093K, committed 8640K, reserved 1048576K
}
Event: 165.366 GC heap before
{Heap before GC invocations=111 (full 8):
 PSYoungGen      total 25088K, used 24802K [0x00000000eab00000, 0x00000000ec880000, 0x0000000100000000)
  eden space 22016K, 100% used [0x00000000eab00000,0x00000000ec080000,0x00000000ec080000)
  from space 3072K, 90% used [0x00000000ec080000,0x00000000ec3389d8,0x00000000ec380000)
  to   space 4096K, 0% used [0x00000000ec480000,0x00000000ec480000,0x00000000ec880000)
 ParOldGen       total 411648K, used 402570K [0x00000000c0000000, 0x00000000d9200000, 0x00000000eab00000)
  object space 411648K, 97% used [0x00000000c0000000,0x00000000d8922a30,0x00000000d9200000)
 Metaspace       used 77680K, committed 78976K, reserved 1179648K
  class space    used 8093K, committed 8640K, reserved 1048576K
}
Event: 165.369 GC heap after
{Heap after GC invocations=111 (full 8):
 PSYoungGen      total 24576K, used 2057K [0x00000000eab00000, 0x00000000ec700000, 0x0000000100000000)
  eden space 22016K, 0% used [0x00000000eab00000,0x00000000eab00000,0x00000000ec080000)
  from space 2560K, 80% used [0x00000000ec480000,0x00000000ec6825e8,0x00000000ec700000)
  to   space 2560K, 0% used [0x00000000ec200000,0x00000000ec200000,0x00000000ec480000)
 ParOldGen       total 411648K, used 402578K [0x00000000c0000000, 0x00000000d9200000, 0x00000000eab00000)
  object space 411648K, 97% used [0x00000000c0000000,0x00000000d8924a30,0x00000000d9200000)
 Metaspace       used 77680K, committed 78976K, reserved 1179648K
  class space    used 8093K, committed 8640K, reserved 1048576K
}
Event: 181.276 GC heap before
{Heap before GC invocations=112 (full 8):
 PSYoungGen      total 24576K, used 24073K [0x00000000eab00000, 0x00000000ec700000, 0x0000000100000000)
  eden space 22016K, 100% used [0x00000000eab00000,0x00000000ec080000,0x00000000ec080000)
  from space 2560K, 80% used [0x00000000ec480000,0x00000000ec6825e8,0x00000000ec700000)
  to   space 2560K, 0% used [0x00000000ec200000,0x00000000ec200000,0x00000000ec480000)
 ParOldGen       total 411648K, used 402578K [0x00000000c0000000, 0x00000000d9200000, 0x00000000eab00000)
  object space 411648K, 97% used [0x00000000c0000000,0x00000000d8924a30,0x00000000d9200000)
 Metaspace       used 77774K, committed 79104K, reserved 1179648K
  class space    used 8093K, committed 8640K, reserved 1048576K
}
Event: 181.281 GC heap after
{Heap after GC invocations=112 (full 8):
 PSYoungGen      total 24064K, used 1913K [0x00000000eab00000, 0x00000000ec500000, 0x0000000100000000)
  eden space 22016K, 0% used [0x00000000eab00000,0x00000000eab00000,0x00000000ec080000)
  from space 2048K, 93% used [0x00000000ec200000,0x00000000ec3de5b8,0x00000000ec400000)
  to   space 1024K, 0% used [0x00000000ec400000,0x00000000ec400000,0x00000000ec500000)
 ParOldGen       total 411648K, used 402586K [0x00000000c0000000, 0x00000000d9200000, 0x00000000eab00000)
  object space 411648K, 97% used [0x00000000c0000000,0x00000000d8926a30,0x00000000d9200000)
 Metaspace       used 77774K, committed 79104K, reserved 1179648K
  class space    used 8093K, committed 8640K, reserved 1048576K
}
Event: 192.341 GC heap before
{Heap before GC invocations=113 (full 8):
 PSYoungGen      total 24064K, used 23929K [0x00000000eab00000, 0x00000000ec500000, 0x0000000100000000)
  eden space 22016K, 100% used [0x00000000eab00000,0x00000000ec080000,0x00000000ec080000)
  from space 2048K, 93% used [0x00000000ec200000,0x00000000ec3de5b8,0x00000000ec400000)
  to   space 1024K, 0% used [0x00000000ec400000,0x00000000ec400000,0x00000000ec500000)
 ParOldGen       total 411648K, used 402586K [0x00000000c0000000, 0x00000000d9200000, 0x00000000eab00000)
  object space 411648K, 97% used [0x00000000c0000000,0x00000000d8926a30,0x00000000d9200000)
 Metaspace       used 77900K, committed 79168K, reserved 1179648K
  class space    used 8095K, committed 8640K, reserved 1048576K
}
Event: 192.346 GC heap after
{Heap after GC invocations=113 (full 8):
 PSYoungGen      total 20480K, used 1017K [0x00000000eab00000, 0x00000000ecc80000, 0x0000000100000000)
  eden space 19456K, 0% used [0x00000000eab00000,0x00000000eab00000,0x00000000ebe00000)
  from space 1024K, 99% used [0x00000000ec400000,0x00000000ec4fe598,0x00000000ec500000)
  to   space 6144K, 0% used [0x00000000ebe00000,0x00000000ebe00000,0x00000000ec400000)
 ParOldGen       total 411648K, used 406839K [0x00000000c0000000, 0x00000000d9200000, 0x00000000eab00000)
  object space 411648K, 98% used [0x00000000c0000000,0x00000000d8d4dd80,0x00000000d9200000)
 Metaspace       used 77900K, committed 79168K, reserved 1179648K
  class space    used 8095K, committed 8640K, reserved 1048576K
}

