# JRE version: OpenJDK Runtime Environment Temurin-17.0.13+11 (17.0.13+11) (build 17.0.13+11)
# Java VM: OpenJDK 64-Bit Server VM Temurin-17.0.13+11 (17.0.13+11, mixed mode, tiered, compressed oops, compressed class ptrs, parallel gc, windows-amd64)
GC Precious Log:
 CPUs: 16 total, 16 available
 Memory: 7812M
 Large Page Support: Disabled
 NUMA Support: Disabled
 Compressed Oops: Enabled (32-bit)
 Alignments: Space 512K, Generation 512K, Heap 2M
 Heap Min Capacity: 100M
 Heap Initial Capacity: 100M
 Heap Max Capacity: 1G
 Pre-touch: Disabled
 Parallel Workers: 13
Heap:
 PSYoungGen      total 30720K, used 25646K [0x00000000eab00000, 0x00000000ed180000, 0x0000000100000000)
  eden space 23040K, 100% used [0x00000000eab00000,0x00000000ec180000,0x00000000ec180000)
  from space 7680K, 33% used [0x00000000ec880000,0x00000000ecb0b840,0x00000000ed000000)
  to   space 7168K, 99% used [0x00000000ec180000,0x00000000ec87e0e0,0x00000000ec880000)
 ParOldGen       total 233984K, used 185069K [0x00000000c0000000, 0x00000000ce480000, 0x00000000eab00000)
  object space 233984K, 79% used [0x00000000c0000000,0x00000000cb4bb420,0x00000000ce480000)
 Metaspace       used 67480K, committed 68608K, reserved 1114112K
  class space    used 7212K, committed 7744K, reserved 1048576K
GC Heap History (20 events):
Event: 25.462 GC heap after
{Heap after GC invocations=73 (full 6):
 PSYoungGen      total 21504K, used 6527K [0x00000000eab00000, 0x00000000ec680000, 0x0000000100000000)
  eden space 14848K, 0% used [0x00000000eab00000,0x00000000eab00000,0x00000000eb980000)
  from space 6656K, 98% used [0x00000000ec000000,0x00000000ec65fc38,0x00000000ec680000)
  to   space 6656K, 0% used [0x00000000eb980000,0x00000000eb980000,0x00000000ec000000)
 ParOldGen       total 184320K, used 158456K [0x00000000c0000000, 0x00000000cb400000, 0x00000000eab00000)
  object space 184320K, 85% used [0x00000000c0000000,0x00000000c9abe150,0x00000000cb400000)
 Metaspace       used 64641K, committed 65728K, reserved 1114112K
  class space    used 6875K, committed 7360K, reserved 1048576K
}
Event: 25.517 GC heap before
{Heap before GC invocations=74 (full 6):
 PSYoungGen      total 21504K, used 21375K [0x00000000eab00000, 0x00000000ec680000, 0x0000000100000000)
  eden space 14848K, 100% used [0x00000000eab00000,0x00000000eb980000,0x00000000eb980000)
  from space 6656K, 98% used [0x00000000ec000000,0x00000000ec65fc38,0x00000000ec680000)
  to   space 6656K, 0% used [0x00000000eb980000,0x00000000eb980000,0x00000000ec000000)
 ParOldGen       total 184320K, used 158456K [0x00000000c0000000, 0x00000000cb400000, 0x00000000eab00000)
  object space 184320K, 85% used [0x00000000c0000000,0x00000000c9abe150,0x00000000cb400000)
 Metaspace       used 64766K, committed 65856K, reserved 1114112K
  class space    used 6895K, committed 7360K, reserved 1048576K
}
Event: 25.527 GC heap after
{Heap after GC invocations=74 (full 6):
 PSYoungGen      total 21504K, used 6655K [0x00000000eab00000, 0x00000000ece00000, 0x0000000100000000)
  eden space 14848K, 0% used [0x00000000eab00000,0x00000000eab00000,0x00000000eb980000)
  from space 6656K, 99% used [0x00000000eb980000,0x00000000ebffff40,0x00000000ec000000)
  to   space 9728K, 0% used [0x00000000ec480000,0x00000000ec480000,0x00000000ece00000)
 ParOldGen       total 184320K, used 160642K [0x00000000c0000000, 0x00000000cb400000, 0x00000000eab00000)
  object space 184320K, 87% used [0x00000000c0000000,0x00000000c9ce09f8,0x00000000cb400000)
 Metaspace       used 64766K, committed 65856K, reserved 1114112K
  class space    used 6895K, committed 7360K, reserved 1048576K
}
Event: 25.565 GC heap before
{Heap before GC invocations=75 (full 6):
 PSYoungGen      total 21504K, used 21503K [0x00000000eab00000, 0x00000000ece00000, 0x0000000100000000)
  eden space 14848K, 100% used [0x00000000eab00000,0x00000000eb980000,0x00000000eb980000)
  from space 6656K, 99% used [0x00000000eb980000,0x00000000ebffff40,0x00000000ec000000)
  to   space 9728K, 0% used [0x00000000ec480000,0x00000000ec480000,0x00000000ece00000)
 ParOldGen       total 184320K, used 160642K [0x00000000c0000000, 0x00000000cb400000, 0x00000000eab00000)
  object space 184320K, 87% used [0x00000000c0000000,0x00000000c9ce09f8,0x00000000cb400000)
 Metaspace       used 65190K, committed 66304K, reserved 1114112K
  class space    used 6969K, committed 7424K, reserved 1048576K
}
Event: 25.574 GC heap after
{Heap after GC invocations=75 (full 6):
 PSYoungGen      total 20480K, used 3597K [0x00000000eab00000, 0x00000000ec880000, 0x0000000100000000)
  eden space 16384K, 0% used [0x00000000eab00000,0x00000000eab00000,0x00000000ebb00000)
  from space 4096K, 87% used [0x00000000ec480000,0x00000000ec8036d0,0x00000000ec880000)
  to   space 5632K, 0% used [0x00000000ebd80000,0x00000000ebd80000,0x00000000ec300000)
 ParOldGen       total 184320K, used 169526K [0x00000000c0000000, 0x00000000cb400000, 0x00000000eab00000)
  object space 184320K, 91% used [0x00000000c0000000,0x00000000ca58d898,0x00000000cb400000)
 Metaspace       used 65190K, committed 66304K, reserved 1114112K
  class space    used 6969K, committed 7424K, reserved 1048576K
}
Event: 25.614 GC heap before
{Heap before GC invocations=76 (full 6):
 PSYoungGen      total 20480K, used 19981K [0x00000000eab00000, 0x00000000ec880000, 0x0000000100000000)
  eden space 16384K, 100% used [0x00000000eab00000,0x00000000ebb00000,0x00000000ebb00000)
  from space 4096K, 87% used [0x00000000ec480000,0x00000000ec8036d0,0x00000000ec880000)
  to   space 5632K, 0% used [0x00000000ebd80000,0x00000000ebd80000,0x00000000ec300000)
 ParOldGen       total 184320K, used 169526K [0x00000000c0000000, 0x00000000cb400000, 0x00000000eab00000)
  object space 184320K, 91% used [0x00000000c0000000,0x00000000ca58d898,0x00000000cb400000)
 Metaspace       used 65458K, committed 66560K, reserved 1114112K
  class space    used 7011K, committed 7488K, reserved 1048576K
}
Event: 25.617 GC heap after
{Heap after GC invocations=76 (full 6):
 PSYoungGen      total 23552K, used 5624K [0x00000000eab00000, 0x00000000ec980000, 0x0000000100000000)
  eden space 17920K, 0% used [0x00000000eab00000,0x00000000eab00000,0x00000000ebc80000)
  from space 5632K, 99% used [0x00000000ebd80000,0x00000000ec2fe370,0x00000000ec300000)
  to   space 6656K, 0% used [0x00000000ec300000,0x00000000ec300000,0x00000000ec980000)
 ParOldGen       total 184320K, used 169954K [0x00000000c0000000, 0x00000000cb400000, 0x00000000eab00000)
  object space 184320K, 92% used [0x00000000c0000000,0x00000000ca5f8950,0x00000000cb400000)
 Metaspace       used 65458K, committed 66560K, reserved 1114112K
  class space    used 7011K, committed 7488K, reserved 1048576K
}
Event: 25.687 GC heap before
{Heap before GC invocations=77 (full 6):
 PSYoungGen      total 23552K, used 23544K [0x00000000eab00000, 0x00000000ec980000, 0x0000000100000000)
  eden space 17920K, 100% used [0x00000000eab00000,0x00000000ebc80000,0x00000000ebc80000)
  from space 5632K, 99% used [0x00000000ebd80000,0x00000000ec2fe370,0x00000000ec300000)
  to   space 6656K, 0% used [0x00000000ec300000,0x00000000ec300000,0x00000000ec980000)
 ParOldGen       total 184320K, used 169954K [0x00000000c0000000, 0x00000000cb400000, 0x00000000eab00000)
  object space 184320K, 92% used [0x00000000c0000000,0x00000000ca5f8950,0x00000000cb400000)
 Metaspace       used 65599K, committed 66688K, reserved 1114112K
  class space    used 7023K, committed 7488K, reserved 1048576K
}
Event: 25.692 GC heap after
{Heap after GC invocations=77 (full 6):
 PSYoungGen      total 24576K, used 6046K [0x00000000eab00000, 0x00000000ecb00000, 0x0000000100000000)
  eden space 17920K, 0% used [0x00000000eab00000,0x00000000eab00000,0x00000000ebc80000)
  from space 6656K, 90% used [0x00000000ec300000,0x00000000ec8e7830,0x00000000ec980000)
  to   space 6656K, 0% used [0x00000000ebc80000,0x00000000ebc80000,0x00000000ec300000)
 ParOldGen       total 184320K, used 172975K [0x00000000c0000000, 0x00000000cb400000, 0x00000000eab00000)
  object space 184320K, 93% used [0x00000000c0000000,0x00000000ca8ebcf8,0x00000000cb400000)
 Metaspace       used 65599K, committed 66688K, reserved 1114112K
  class space    used 7023K, committed 7488K, reserved 1048576K
}
Event: 25.757 GC heap before
{Heap before GC invocations=78 (full 6):
 PSYoungGen      total 24576K, used 23966K [0x00000000eab00000, 0x00000000ecb00000, 0x0000000100000000)
  eden space 17920K, 100% used [0x00000000eab00000,0x00000000ebc80000,0x00000000ebc80000)
  from space 6656K, 90% used [0x00000000ec300000,0x00000000ec8e7830,0x00000000ec980000)
  to   space 6656K, 0% used [0x00000000ebc80000,0x00000000ebc80000,0x00000000ec300000)
 ParOldGen       total 184320K, used 172975K [0x00000000c0000000, 0x00000000cb400000, 0x00000000eab00000)
  object space 184320K, 93% used [0x00000000c0000000,0x00000000ca8ebcf8,0x00000000cb400000)
 Metaspace       used 65885K, committed 66880K, reserved 1114112K
  class space    used 7052K, committed 7488K, reserved 1048576K
}
Event: 25.761 GC heap after
{Heap after GC invocations=78 (full 6):
 PSYoungGen      total 24576K, used 6654K [0x00000000eab00000, 0x00000000ed100000, 0x0000000100000000)
  eden space 17920K, 0% used [0x00000000eab00000,0x00000000eab00000,0x00000000ebc80000)
  from space 6656K, 99% used [0x00000000ebc80000,0x00000000ec2ffbd0,0x00000000ec300000)
  to   space 9728K, 0% used [0x00000000ec780000,0x00000000ec780000,0x00000000ed100000)
 ParOldGen       total 184320K, used 175318K [0x00000000c0000000, 0x00000000cb400000, 0x00000000eab00000)
  object space 184320K, 95% used [0x00000000c0000000,0x00000000cab35b10,0x00000000cb400000)
 Metaspace       used 65885K, committed 66880K, reserved 1114112K
  class space    used 7052K, committed 7488K, reserved 1048576K
}
Event: 25.799 GC heap before
{Heap before GC invocations=79 (full 6):
 PSYoungGen      total 24576K, used 24574K [0x00000000eab00000, 0x00000000ed100000, 0x0000000100000000)
  eden space 17920K, 100% used [0x00000000eab00000,0x00000000ebc80000,0x00000000ebc80000)
  from space 6656K, 99% used [0x00000000ebc80000,0x00000000ec2ffbd0,0x00000000ec300000)
  to   space 9728K, 0% used [0x00000000ec780000,0x00000000ec780000,0x00000000ed100000)
 ParOldGen       total 184320K, used 175318K [0x00000000c0000000, 0x00000000cb400000, 0x00000000eab00000)
  object space 184320K, 95% used [0x00000000c0000000,0x00000000cab35b10,0x00000000cb400000)
 Metaspace       used 65983K, committed 67136K, reserved 1114112K
  class space    used 7062K, committed 7552K, reserved 1048576K
}
Event: 25.806 GC heap after
{Heap after GC invocations=79 (full 6):
 PSYoungGen      total 25088K, used 5265K [0x00000000eab00000, 0x00000000ecd00000, 0x0000000100000000)
  eden space 19456K, 0% used [0x00000000eab00000,0x00000000eab00000,0x00000000ebe00000)
  from space 5632K, 93% used [0x00000000ec780000,0x00000000ecca45c8,0x00000000ecd00000)
  to   space 6656K, 0% used [0x00000000ec000000,0x00000000ec000000,0x00000000ec680000)
 ParOldGen       total 184320K, used 179380K [0x00000000c0000000, 0x00000000cb400000, 0x00000000eab00000)
  object space 184320K, 97% used [0x00000000c0000000,0x00000000caf2d0c8,0x00000000cb400000)
 Metaspace       used 65983K, committed 67136K, reserved 1114112K
  class space    used 7062K, committed 7552K, reserved 1048576K
}
Event: 25.839 GC heap before
{Heap before GC invocations=80 (full 6):
 PSYoungGen      total 25088K, used 24721K [0x00000000eab00000, 0x00000000ecd00000, 0x0000000100000000)
  eden space 19456K, 100% used [0x00000000eab00000,0x00000000ebe00000,0x00000000ebe00000)
  from space 5632K, 93% used [0x00000000ec780000,0x00000000ecca45c8,0x00000000ecd00000)
  to   space 6656K, 0% used [0x00000000ec000000,0x00000000ec000000,0x00000000ec680000)
 ParOldGen       total 184320K, used 179380K [0x00000000c0000000, 0x00000000cb400000, 0x00000000eab00000)
  object space 184320K, 97% used [0x00000000c0000000,0x00000000caf2d0c8,0x00000000cb400000)
 Metaspace       used 66106K, committed 67200K, reserved 1114112K
  class space    used 7073K, committed 7552K, reserved 1048576K
}
Event: 25.842 GC heap after
{Heap after GC invocations=80 (full 6):
 PSYoungGen      total 28160K, used 6655K [0x00000000eab00000, 0x00000000ed100000, 0x0000000100000000)
  eden space 21504K, 0% used [0x00000000eab00000,0x00000000eab00000,0x00000000ec000000)
  from space 6656K, 99% used [0x00000000ec000000,0x00000000ec67fcf8,0x00000000ec680000)
  to   space 8704K, 0% used [0x00000000ec880000,0x00000000ec880000,0x00000000ed100000)
 ParOldGen       total 184320K, used 180530K [0x00000000c0000000, 0x00000000cb400000, 0x00000000eab00000)
  object space 184320K, 97% used [0x00000000c0000000,0x00000000cb04c990,0x00000000cb400000)
 Metaspace       used 66106K, committed 67200K, reserved 1114112K
  class space    used 7073K, committed 7552K, reserved 1048576K
}
Event: 25.892 GC heap before
{Heap before GC invocations=81 (full 6):
 PSYoungGen      total 28160K, used 28159K [0x00000000eab00000, 0x00000000ed100000, 0x0000000100000000)
  eden space 21504K, 100% used [0x00000000eab00000,0x00000000ec000000,0x00000000ec000000)
  from space 6656K, 99% used [0x00000000ec000000,0x00000000ec67fcf8,0x00000000ec680000)
  to   space 8704K, 0% used [0x00000000ec880000,0x00000000ec880000,0x00000000ed100000)
 ParOldGen       total 184320K, used 180530K [0x00000000c0000000, 0x00000000cb400000, 0x00000000eab00000)
  object space 184320K, 97% used [0x00000000c0000000,0x00000000cb04c990,0x00000000cb400000)
 Metaspace       used 66251K, committed 67392K, reserved 1114112K
  class space    used 7093K, committed 7616K, reserved 1048576K
}
Event: 25.898 GC heap after
{Heap after GC invocations=81 (full 6):
 PSYoungGen      total 30720K, used 6146K [0x00000000eab00000, 0x00000000ed000000, 0x0000000100000000)
  eden space 23040K, 0% used [0x00000000eab00000,0x00000000eab00000,0x00000000ec180000)
  from space 7680K, 80% used [0x00000000ec880000,0x00000000ece80ad8,0x00000000ed000000)
  to   space 7168K, 0% used [0x00000000ec180000,0x00000000ec180000,0x00000000ec880000)
 ParOldGen       total 185344K, used 184862K [0x00000000c0000000, 0x00000000cb500000, 0x00000000eab00000)
  object space 185344K, 99% used [0x00000000c0000000,0x00000000cb487848,0x00000000cb500000)
 Metaspace       used 66251K, committed 67392K, reserved 1114112K
  class space    used 7093K, committed 7616K, reserved 1048576K
}
Event: 25.972 GC heap before
{Heap before GC invocations=82 (full 7):
 PSYoungGen      total 30720K, used 29186K [0x00000000eab00000, 0x00000000ed000000, 0x0000000100000000)
  eden space 23040K, 100% used [0x00000000eab00000,0x00000000ec180000,0x00000000ec180000)
  from space 7680K, 80% used [0x00000000ec880000,0x00000000ece80ad8,0x00000000ed000000)
  to   space 7168K, 0% used [0x00000000ec180000,0x00000000ec180000,0x00000000ec880000)
 ParOldGen       total 185344K, used 184862K [0x00000000c0000000, 0x00000000cb500000, 0x00000000eab00000)
  object space 185344K, 99% used [0x00000000c0000000,0x00000000cb487848,0x00000000cb500000)
 Metaspace       used 66900K, committed 67968K, reserved 1114112K
  class space    used 7147K, committed 7616K, reserved 1048576K
}
Event: 26.092 GC heap after
{Heap after GC invocations=82 (full 7):
 PSYoungGen      total 30720K, used 2606K [0x00000000eab00000, 0x00000000ed180000, 0x0000000100000000)
  eden space 23040K, 0% used [0x00000000eab00000,0x00000000eab00000,0x00000000ec180000)
  from space 7680K, 33% used [0x00000000ec880000,0x00000000ecb0b840,0x00000000ed000000)
  to   space 7168K, 0% used [0x00000000ec180000,0x00000000ec180000,0x00000000ec880000)
 ParOldGen       total 233984K, used 185014K [0x00000000c0000000, 0x00000000ce480000, 0x00000000eab00000)
  object space 233984K, 79% used [0x00000000c0000000,0x00000000cb4ada28,0x00000000ce480000)
 Metaspace       used 66900K, committed 67968K, reserved 1114112K
  class space    used 7147K, committed 7616K, reserved 1048576K
}
Event: 26.202 GC heap before
{Heap before GC invocations=83 (full 7):
 PSYoungGen      total 30720K, used 25646K [0x00000000eab00000, 0x00000000ed180000, 0x0000000100000000)
  eden space 23040K, 100% used [0x00000000eab00000,0x00000000ec180000,0x00000000ec180000)
  from space 7680K, 33% used [0x00000000ec880000,0x00000000ecb0b840,0x00000000ed000000)
  to   space 7168K, 0% used [0x00000000ec180000,0x00000000ec180000,0x00000000ec880000)
 ParOldGen       total 233984K, used 185014K [0x00000000c0000000, 0x00000000ce480000, 0x00000000eab00000)
  object space 233984K, 79% used [0x00000000c0000000,0x00000000cb4ada28,0x00000000ce480000)
 Metaspace       used 67480K, committed 68608K, reserved 1114112K
  class space    used 7212K, committed 7744K, reserved 1048576K
}

