# JRE version: OpenJDK Runtime Environment Temurin-17.0.13+11 (17.0.13+11) (build 17.0.13+11)
# Java VM: OpenJDK 64-Bit Server VM Temurin-17.0.13+11 (17.0.13+11, mixed mode, tiered, compressed oops, compressed class ptrs, parallel gc, windows-amd64)
GC Precious Log:
 CPUs: 16 total, 16 available
 Memory: 7812M
 Large Page Support: Disabled
 NUMA Support: Disabled
 Compressed Oops: Enabled (32-bit)
 Alignments: Space 512K, Generation 512K, Heap 2M
 Heap Min Capacity: 100M
 Heap Initial Capacity: 100M
 Heap Max Capacity: 1G
 Pre-touch: Disabled
 Parallel Workers: 13
Heap:
 PSYoungGen      total 9728K, used 8526K [0x00000000eab00000, 0x00000000eb800000, 0x0000000100000000)
  eden space 7680K, 86% used [0x00000000eab00000,0x00000000eb177ab8,0x00000000eb280000)
  from space 2048K, 92% used [0x00000000eb600000,0x00000000eb7dbea0,0x00000000eb800000)
  to   space 2560K, 0% used [0x00000000eb300000,0x00000000eb300000,0x00000000eb580000)
 ParOldGen       total 143360K, used 131348K [0x00000000c0000000, 0x00000000c8c00000, 0x00000000eab00000)
  object space 143360K, 91% used [0x00000000c0000000,0x00000000c80452d0,0x00000000c8c00000)
 Metaspace       used 58517K, committed 59584K, reserved 1114112K
  class space    used 6129K, committed 6592K, reserved 1048576K
GC Heap History (20 events):
Event: 30.251 GC heap before
{Heap before GC invocations=71 (full 4):
 PSYoungGen      total 9216K, used 9187K [0x00000000eab00000, 0x00000000eb980000, 0x0000000100000000)
  eden space 7680K, 99% used [0x00000000eab00000,0x00000000eb2799c0,0x00000000eb280000)
  from space 1536K, 99% used [0x00000000eb680000,0x00000000eb7ff5a0,0x00000000eb800000)
  to   space 3584K, 0% used [0x00000000eb280000,0x00000000eb280000,0x00000000eb600000)
 ParOldGen       total 120832K, used 118783K [0x00000000c0000000, 0x00000000c7600000, 0x00000000eab00000)
  object space 120832K, 98% used [0x00000000c0000000,0x00000000c73ffcc8,0x00000000c7600000)
 Metaspace       used 56128K, committed 57216K, reserved 1114112K
  class space    used 5856K, committed 6336K, reserved 1048576K
}
Event: 30.253 GC heap after
{Heap after GC invocations=71 (full 4):
 PSYoungGen      total 9728K, used 1775K [0x00000000eab00000, 0x00000000eb780000, 0x0000000100000000)
  eden space 7680K, 0% used [0x00000000eab00000,0x00000000eab00000,0x00000000eb280000)
  from space 2048K, 86% used [0x00000000eb280000,0x00000000eb43be48,0x00000000eb480000)
  to   space 2560K, 0% used [0x00000000eb500000,0x00000000eb500000,0x00000000eb780000)
 ParOldGen       total 120832K, used 120176K [0x00000000c0000000, 0x00000000c7600000, 0x00000000eab00000)
  object space 120832K, 99% used [0x00000000c0000000,0x00000000c755c0b8,0x00000000c7600000)
 Metaspace       used 56128K, committed 57216K, reserved 1114112K
  class space    used 5856K, committed 6336K, reserved 1048576K
}
Event: 30.277 GC heap before
{Heap before GC invocations=72 (full 5):
 PSYoungGen      total 9728K, used 9455K [0x00000000eab00000, 0x00000000eb780000, 0x0000000100000000)
  eden space 7680K, 100% used [0x00000000eab00000,0x00000000eb280000,0x00000000eb280000)
  from space 2048K, 86% used [0x00000000eb280000,0x00000000eb43be48,0x00000000eb480000)
  to   space 2560K, 0% used [0x00000000eb500000,0x00000000eb500000,0x00000000eb780000)
 ParOldGen       total 120832K, used 120176K [0x00000000c0000000, 0x00000000c7600000, 0x00000000eab00000)
  object space 120832K, 99% used [0x00000000c0000000,0x00000000c755c0b8,0x00000000c7600000)
 Metaspace       used 56385K, committed 57536K, reserved 1114112K
  class space    used 5890K, committed 6400K, reserved 1048576K
}
Event: 30.333 GC heap after
{Heap after GC invocations=72 (full 5):
 PSYoungGen      total 10240K, used 0K [0x00000000eab00000, 0x00000000eb780000, 0x0000000100000000)
  eden space 7680K, 0% used [0x00000000eab00000,0x00000000eab00000,0x00000000eb280000)
  from space 2560K, 0% used [0x00000000eb500000,0x00000000eb500000,0x00000000eb780000)
  to   space 2560K, 0% used [0x00000000eb280000,0x00000000eb280000,0x00000000eb500000)
 ParOldGen       total 143360K, used 117626K [0x00000000c0000000, 0x00000000c8c00000, 0x00000000eab00000)
  object space 143360K, 82% used [0x00000000c0000000,0x00000000c72de9f0,0x00000000c8c00000)
 Metaspace       used 56385K, committed 57536K, reserved 1114112K
  class space    used 5890K, committed 6400K, reserved 1048576K
}
Event: 30.355 GC heap before
{Heap before GC invocations=73 (full 5):
 PSYoungGen      total 10240K, used 7680K [0x00000000eab00000, 0x00000000eb780000, 0x0000000100000000)
  eden space 7680K, 100% used [0x00000000eab00000,0x00000000eb280000,0x00000000eb280000)
  from space 2560K, 0% used [0x00000000eb500000,0x00000000eb500000,0x00000000eb780000)
  to   space 2560K, 0% used [0x00000000eb280000,0x00000000eb280000,0x00000000eb500000)
 ParOldGen       total 143360K, used 117626K [0x00000000c0000000, 0x00000000c8c00000, 0x00000000eab00000)
  object space 143360K, 82% used [0x00000000c0000000,0x00000000c72de9f0,0x00000000c8c00000)
 Metaspace       used 56580K, committed 57664K, reserved 1114112K
  class space    used 5912K, committed 6400K, reserved 1048576K
}
Event: 30.358 GC heap after
{Heap after GC invocations=73 (full 5):
 PSYoungGen      total 9728K, used 1980K [0x00000000eab00000, 0x00000000eb680000, 0x0000000100000000)
  eden space 7680K, 0% used [0x00000000eab00000,0x00000000eab00000,0x00000000eb280000)
  from space 2048K, 96% used [0x00000000eb280000,0x00000000eb46f168,0x00000000eb480000)
  to   space 2048K, 0% used [0x00000000eb480000,0x00000000eb480000,0x00000000eb680000)
 ParOldGen       total 143360K, used 117626K [0x00000000c0000000, 0x00000000c8c00000, 0x00000000eab00000)
  object space 143360K, 82% used [0x00000000c0000000,0x00000000c72de9f0,0x00000000c8c00000)
 Metaspace       used 56580K, committed 57664K, reserved 1114112K
  class space    used 5912K, committed 6400K, reserved 1048576K
}
Event: 30.377 GC heap before
{Heap before GC invocations=74 (full 5):
 PSYoungGen      total 9728K, used 9660K [0x00000000eab00000, 0x00000000eb680000, 0x0000000100000000)
  eden space 7680K, 100% used [0x00000000eab00000,0x00000000eb280000,0x00000000eb280000)
  from space 2048K, 96% used [0x00000000eb280000,0x00000000eb46f168,0x00000000eb480000)
  to   space 2048K, 0% used [0x00000000eb480000,0x00000000eb480000,0x00000000eb680000)
 ParOldGen       total 143360K, used 117626K [0x00000000c0000000, 0x00000000c8c00000, 0x00000000eab00000)
  object space 143360K, 82% used [0x00000000c0000000,0x00000000c72de9f0,0x00000000c8c00000)
 Metaspace       used 56774K, committed 57856K, reserved 1114112K
  class space    used 5924K, committed 6400K, reserved 1048576K
}
Event: 30.380 GC heap after
{Heap after GC invocations=74 (full 5):
 PSYoungGen      total 9728K, used 1779K [0x00000000eab00000, 0x00000000eb680000, 0x0000000100000000)
  eden space 7680K, 0% used [0x00000000eab00000,0x00000000eab00000,0x00000000eb280000)
  from space 2048K, 86% used [0x00000000eb480000,0x00000000eb63ce80,0x00000000eb680000)
  to   space 2048K, 0% used [0x00000000eb280000,0x00000000eb280000,0x00000000eb480000)
 ParOldGen       total 143360K, used 119325K [0x00000000c0000000, 0x00000000c8c00000, 0x00000000eab00000)
  object space 143360K, 83% used [0x00000000c0000000,0x00000000c7487648,0x00000000c8c00000)
 Metaspace       used 56774K, committed 57856K, reserved 1114112K
  class space    used 5924K, committed 6400K, reserved 1048576K
}
Event: 30.405 GC heap before
{Heap before GC invocations=75 (full 5):
 PSYoungGen      total 9728K, used 9459K [0x00000000eab00000, 0x00000000eb680000, 0x0000000100000000)
  eden space 7680K, 100% used [0x00000000eab00000,0x00000000eb280000,0x00000000eb280000)
  from space 2048K, 86% used [0x00000000eb480000,0x00000000eb63ce80,0x00000000eb680000)
  to   space 2048K, 0% used [0x00000000eb280000,0x00000000eb280000,0x00000000eb480000)
 ParOldGen       total 143360K, used 119325K [0x00000000c0000000, 0x00000000c8c00000, 0x00000000eab00000)
  object space 143360K, 83% used [0x00000000c0000000,0x00000000c7487648,0x00000000c8c00000)
 Metaspace       used 56871K, committed 57984K, reserved 1114112K
  class space    used 5934K, committed 6400K, reserved 1048576K
}
Event: 30.407 GC heap after
{Heap after GC invocations=75 (full 5):
 PSYoungGen      total 9728K, used 1826K [0x00000000eab00000, 0x00000000eb680000, 0x0000000100000000)
  eden space 7680K, 0% used [0x00000000eab00000,0x00000000eab00000,0x00000000eb280000)
  from space 2048K, 89% used [0x00000000eb280000,0x00000000eb448808,0x00000000eb480000)
  to   space 2048K, 0% used [0x00000000eb480000,0x00000000eb480000,0x00000000eb680000)
 ParOldGen       total 143360K, used 120922K [0x00000000c0000000, 0x00000000c8c00000, 0x00000000eab00000)
  object space 143360K, 84% used [0x00000000c0000000,0x00000000c7616a18,0x00000000c8c00000)
 Metaspace       used 56871K, committed 57984K, reserved 1114112K
  class space    used 5934K, committed 6400K, reserved 1048576K
}
Event: 30.459 GC heap before
{Heap before GC invocations=76 (full 5):
 PSYoungGen      total 9728K, used 9506K [0x00000000eab00000, 0x00000000eb680000, 0x0000000100000000)
  eden space 7680K, 100% used [0x00000000eab00000,0x00000000eb280000,0x00000000eb280000)
  from space 2048K, 89% used [0x00000000eb280000,0x00000000eb448808,0x00000000eb480000)
  to   space 2048K, 0% used [0x00000000eb480000,0x00000000eb480000,0x00000000eb680000)
 ParOldGen       total 143360K, used 120922K [0x00000000c0000000, 0x00000000c8c00000, 0x00000000eab00000)
  object space 143360K, 84% used [0x00000000c0000000,0x00000000c7616a18,0x00000000c8c00000)
 Metaspace       used 57146K, committed 58240K, reserved 1114112K
  class space    used 5956K, committed 6464K, reserved 1048576K
}
Event: 30.462 GC heap after
{Heap after GC invocations=76 (full 5):
 PSYoungGen      total 9728K, used 1981K [0x00000000eab00000, 0x00000000eb680000, 0x0000000100000000)
  eden space 7680K, 0% used [0x00000000eab00000,0x00000000eab00000,0x00000000eb280000)
  from space 2048K, 96% used [0x00000000eb480000,0x00000000eb66f690,0x00000000eb680000)
  to   space 2048K, 0% used [0x00000000eb280000,0x00000000eb280000,0x00000000eb480000)
 ParOldGen       total 143360K, used 122492K [0x00000000c0000000, 0x00000000c8c00000, 0x00000000eab00000)
  object space 143360K, 85% used [0x00000000c0000000,0x00000000c779f148,0x00000000c8c00000)
 Metaspace       used 57146K, committed 58240K, reserved 1114112K
  class space    used 5956K, committed 6464K, reserved 1048576K
}
Event: 30.527 GC heap before
{Heap before GC invocations=77 (full 5):
 PSYoungGen      total 9728K, used 9661K [0x00000000eab00000, 0x00000000eb680000, 0x0000000100000000)
  eden space 7680K, 99% used [0x00000000eab00000,0x00000000eb27ff00,0x00000000eb280000)
  from space 2048K, 96% used [0x00000000eb480000,0x00000000eb66f690,0x00000000eb680000)
  to   space 2048K, 0% used [0x00000000eb280000,0x00000000eb280000,0x00000000eb480000)
 ParOldGen       total 143360K, used 122492K [0x00000000c0000000, 0x00000000c8c00000, 0x00000000eab00000)
  object space 143360K, 85% used [0x00000000c0000000,0x00000000c779f148,0x00000000c8c00000)
 Metaspace       used 57428K, committed 58496K, reserved 1114112K
  class space    used 5986K, committed 6464K, reserved 1048576K
}
Event: 30.531 GC heap after
{Heap after GC invocations=77 (full 5):
 PSYoungGen      total 9728K, used 1524K [0x00000000eab00000, 0x00000000eb680000, 0x0000000100000000)
  eden space 7680K, 0% used [0x00000000eab00000,0x00000000eab00000,0x00000000eb280000)
  from space 2048K, 74% used [0x00000000eb280000,0x00000000eb3fd298,0x00000000eb480000)
  to   space 2048K, 0% used [0x00000000eb480000,0x00000000eb480000,0x00000000eb680000)
 ParOldGen       total 143360K, used 124063K [0x00000000c0000000, 0x00000000c8c00000, 0x00000000eab00000)
  object space 143360K, 86% used [0x00000000c0000000,0x00000000c7927ee8,0x00000000c8c00000)
 Metaspace       used 57428K, committed 58496K, reserved 1114112K
  class space    used 5986K, committed 6464K, reserved 1048576K
}
Event: 30.583 GC heap before
{Heap before GC invocations=78 (full 5):
 PSYoungGen      total 9728K, used 9204K [0x00000000eab00000, 0x00000000eb680000, 0x0000000100000000)
  eden space 7680K, 100% used [0x00000000eab00000,0x00000000eb280000,0x00000000eb280000)
  from space 2048K, 74% used [0x00000000eb280000,0x00000000eb3fd298,0x00000000eb480000)
  to   space 2048K, 0% used [0x00000000eb480000,0x00000000eb480000,0x00000000eb680000)
 ParOldGen       total 143360K, used 124063K [0x00000000c0000000, 0x00000000c8c00000, 0x00000000eab00000)
  object space 143360K, 86% used [0x00000000c0000000,0x00000000c7927ee8,0x00000000c8c00000)
 Metaspace       used 57719K, committed 58816K, reserved 1114112K
  class space    used 6018K, committed 6528K, reserved 1048576K
}
Event: 30.587 GC heap after
{Heap after GC invocations=78 (full 5):
 PSYoungGen      total 9728K, used 1505K [0x00000000eab00000, 0x00000000eb680000, 0x0000000100000000)
  eden space 7680K, 0% used [0x00000000eab00000,0x00000000eab00000,0x00000000eb280000)
  from space 2048K, 73% used [0x00000000eb480000,0x00000000eb5f8620,0x00000000eb680000)
  to   space 2048K, 0% used [0x00000000eb280000,0x00000000eb280000,0x00000000eb480000)
 ParOldGen       total 143360K, used 125402K [0x00000000c0000000, 0x00000000c8c00000, 0x00000000eab00000)
  object space 143360K, 87% used [0x00000000c0000000,0x00000000c7a769e0,0x00000000c8c00000)
 Metaspace       used 57719K, committed 58816K, reserved 1114112K
  class space    used 6018K, committed 6528K, reserved 1048576K
}
Event: 30.639 GC heap before
{Heap before GC invocations=79 (full 5):
 PSYoungGen      total 9728K, used 9185K [0x00000000eab00000, 0x00000000eb680000, 0x0000000100000000)
  eden space 7680K, 100% used [0x00000000eab00000,0x00000000eb280000,0x00000000eb280000)
  from space 2048K, 73% used [0x00000000eb480000,0x00000000eb5f8620,0x00000000eb680000)
  to   space 2048K, 0% used [0x00000000eb280000,0x00000000eb280000,0x00000000eb480000)
 ParOldGen       total 143360K, used 125402K [0x00000000c0000000, 0x00000000c8c00000, 0x00000000eab00000)
  object space 143360K, 87% used [0x00000000c0000000,0x00000000c7a769e0,0x00000000c8c00000)
 Metaspace       used 57881K, committed 59008K, reserved 1114112K
  class space    used 6034K, committed 6528K, reserved 1048576K
}
Event: 30.641 GC heap after
{Heap after GC invocations=79 (full 5):
 PSYoungGen      total 9728K, used 1897K [0x00000000eab00000, 0x00000000eb680000, 0x0000000100000000)
  eden space 7680K, 0% used [0x00000000eab00000,0x00000000eab00000,0x00000000eb280000)
  from space 2048K, 92% used [0x00000000eb280000,0x00000000eb45a4d0,0x00000000eb480000)
  to   space 2048K, 0% used [0x00000000eb480000,0x00000000eb480000,0x00000000eb680000)
 ParOldGen       total 143360K, used 126738K [0x00000000c0000000, 0x00000000c8c00000, 0x00000000eab00000)
  object space 143360K, 88% used [0x00000000c0000000,0x00000000c7bc4bc8,0x00000000c8c00000)
 Metaspace       used 57881K, committed 59008K, reserved 1114112K
  class space    used 6034K, committed 6528K, reserved 1048576K
}
Event: 30.685 GC heap before
{Heap before GC invocations=80 (full 5):
 PSYoungGen      total 9728K, used 9575K [0x00000000eab00000, 0x00000000eb680000, 0x0000000100000000)
  eden space 7680K, 99% used [0x00000000eab00000,0x00000000eb27fa40,0x00000000eb280000)
  from space 2048K, 92% used [0x00000000eb280000,0x00000000eb45a4d0,0x00000000eb480000)
  to   space 2048K, 0% used [0x00000000eb480000,0x00000000eb480000,0x00000000eb680000)
 ParOldGen       total 143360K, used 126738K [0x00000000c0000000, 0x00000000c8c00000, 0x00000000eab00000)
  object space 143360K, 88% used [0x00000000c0000000,0x00000000c7bc4bc8,0x00000000c8c00000)
 Metaspace       used 58112K, committed 59200K, reserved 1114112K
  class space    used 6061K, committed 6528K, reserved 1048576K
}
Event: 30.687 GC heap after
{Heap after GC invocations=80 (full 5):
 PSYoungGen      total 9728K, used 1643K [0x00000000eab00000, 0x00000000eb680000, 0x0000000100000000)
  eden space 7680K, 0% used [0x00000000eab00000,0x00000000eab00000,0x00000000eb280000)
  from space 2048K, 80% used [0x00000000eb480000,0x00000000eb61af38,0x00000000eb680000)
  to   space 2048K, 0% used [0x00000000eb280000,0x00000000eb280000,0x00000000eb480000)
 ParOldGen       total 143360K, used 128396K [0x00000000c0000000, 0x00000000c8c00000, 0x00000000eab00000)
  object space 143360K, 89% used [0x00000000c0000000,0x00000000c7d630a8,0x00000000c8c00000)
 Metaspace       used 58112K, committed 59200K, reserved 1114112K
  class space    used 6061K, committed 6528K, reserved 1048576K
}

