# JRE version: OpenJDK Runtime Environment Temurin-17.0.13+11 (17.0.13+11) (build 17.0.13+11)
# Java VM: OpenJDK 64-Bit Server VM Temurin-17.0.13+11 (17.0.13+11, mixed mode, tiered, compressed oops, compressed class ptrs, parallel gc, windows-amd64)
GC Precious Log:
 CPUs: 16 total, 16 available
 Memory: 7812M
 Large Page Support: Disabled
 NUMA Support: Disabled
 Compressed Oops: Enabled (32-bit)
 Alignments: Space 512K, Generation 512K, Heap 2M
 Heap Min Capacity: 100M
 Heap Initial Capacity: 100M
 Heap Max Capacity: 1G
 Pre-touch: Disabled
 Parallel Workers: 13
Heap:
 PSYoungGen      total 9728K, used 6686K [0x00000000eab00000, 0x00000000eb800000, 0x0000000100000000)
  eden space 8192K, 65% used [0x00000000eab00000,0x00000000eb037928,0x00000000eb300000)
  from space 1536K, 87% used [0x00000000eb300000,0x00000000eb450000,0x00000000eb480000)
  to   space 2048K, 0% used [0x00000000eb600000,0x00000000eb600000,0x00000000eb800000)
 ParOldGen       total 242688K, used 223298K [0x00000000c0000000, 0x00000000ced00000, 0x00000000eab00000)
  object space 242688K, 92% used [0x00000000c0000000,0x00000000cda10928,0x00000000ced00000)
 Metaspace       used 71981K, committed 73152K, reserved 1114112K
  class space    used 7665K, committed 8192K, reserved 1048576K
GC Heap History (20 events):
Event: 31.477 GC heap before
{Heap before GC invocations=118 (full 7):
 PSYoungGen      total 12288K, used 11912K [0x00000000eab00000, 0x00000000ebc80000, 0x0000000100000000)
  eden space 7680K, 100% used [0x00000000eab00000,0x00000000eb280000,0x00000000eb280000)
  from space 4608K, 91% used [0x00000000eb280000,0x00000000eb6a2000,0x00000000eb700000)
  to   space 4608K, 0% used [0x00000000eb800000,0x00000000eb800000,0x00000000ebc80000)
 ParOldGen       total 202240K, used 195009K [0x00000000c0000000, 0x00000000cc580000, 0x00000000eab00000)
  object space 202240K, 96% used [0x00000000c0000000,0x00000000cbe70430,0x00000000cc580000)
 Metaspace       used 71851K, committed 73024K, reserved 1114112K
  class space    used 7655K, committed 8128K, reserved 1048576K
}
Event: 31.480 GC heap after
{Heap after GC invocations=118 (full 7):
 PSYoungGen      total 12800K, used 3834K [0x00000000eab00000, 0x00000000ebc00000, 0x0000000100000000)
  eden space 8704K, 0% used [0x00000000eab00000,0x00000000eab00000,0x00000000eb380000)
  from space 4096K, 93% used [0x00000000eb800000,0x00000000ebbbe810,0x00000000ebc00000)
  to   space 4096K, 0% used [0x00000000eb400000,0x00000000eb400000,0x00000000eb800000)
 ParOldGen       total 202240K, used 199084K [0x00000000c0000000, 0x00000000cc580000, 0x00000000eab00000)
  object space 202240K, 98% used [0x00000000c0000000,0x00000000cc26b3b8,0x00000000cc580000)
 Metaspace       used 71851K, committed 73024K, reserved 1114112K
  class space    used 7655K, committed 8128K, reserved 1048576K
}
Event: 31.494 GC heap before
{Heap before GC invocations=119 (full 8):
 PSYoungGen      total 12800K, used 12538K [0x00000000eab00000, 0x00000000ebc00000, 0x0000000100000000)
  eden space 8704K, 100% used [0x00000000eab00000,0x00000000eb380000,0x00000000eb380000)
  from space 4096K, 93% used [0x00000000eb800000,0x00000000ebbbe810,0x00000000ebc00000)
  to   space 4096K, 0% used [0x00000000eb400000,0x00000000eb400000,0x00000000eb800000)
 ParOldGen       total 202240K, used 199084K [0x00000000c0000000, 0x00000000cc580000, 0x00000000eab00000)
  object space 202240K, 98% used [0x00000000c0000000,0x00000000cc26b3b8,0x00000000cc580000)
 Metaspace       used 71851K, committed 73024K, reserved 1114112K
  class space    used 7655K, committed 8128K, reserved 1048576K
}
Event: 31.671 GC heap after
{Heap after GC invocations=119 (full 8):
 PSYoungGen      total 13312K, used 2138K [0x00000000eab00000, 0x00000000ebc80000, 0x0000000100000000)
  eden space 9216K, 0% used [0x00000000eab00000,0x00000000eab00000,0x00000000eb400000)
  from space 4096K, 52% used [0x00000000eb800000,0x00000000eba16b68,0x00000000ebc00000)
  to   space 4096K, 0% used [0x00000000eb400000,0x00000000eb400000,0x00000000eb800000)
 ParOldGen       total 242688K, used 202044K [0x00000000c0000000, 0x00000000ced00000, 0x00000000eab00000)
  object space 242688K, 83% used [0x00000000c0000000,0x00000000cc54f3d0,0x00000000ced00000)
 Metaspace       used 71851K, committed 73024K, reserved 1114112K
  class space    used 7655K, committed 8128K, reserved 1048576K
}
Event: 31.707 GC heap before
{Heap before GC invocations=120 (full 8):
 PSYoungGen      total 13312K, used 11354K [0x00000000eab00000, 0x00000000ebc80000, 0x0000000100000000)
  eden space 9216K, 100% used [0x00000000eab00000,0x00000000eb400000,0x00000000eb400000)
  from space 4096K, 52% used [0x00000000eb800000,0x00000000eba16b68,0x00000000ebc00000)
  to   space 4096K, 0% used [0x00000000eb400000,0x00000000eb400000,0x00000000eb800000)
 ParOldGen       total 242688K, used 202044K [0x00000000c0000000, 0x00000000ced00000, 0x00000000eab00000)
  object space 242688K, 83% used [0x00000000c0000000,0x00000000cc54f3d0,0x00000000ced00000)
 Metaspace       used 71969K, committed 73152K, reserved 1114112K
  class space    used 7664K, committed 8192K, reserved 1048576K
}
Event: 31.723 GC heap after
{Heap after GC invocations=120 (full 8):
 PSYoungGen      total 13312K, used 2240K [0x00000000eab00000, 0x00000000ebb00000, 0x0000000100000000)
  eden space 9216K, 0% used [0x00000000eab00000,0x00000000eab00000,0x00000000eb400000)
  from space 4096K, 54% used [0x00000000eb400000,0x00000000eb630110,0x00000000eb800000)
  to   space 3072K, 0% used [0x00000000eb800000,0x00000000eb800000,0x00000000ebb00000)
 ParOldGen       total 242688K, used 204252K [0x00000000c0000000, 0x00000000ced00000, 0x00000000eab00000)
  object space 242688K, 84% used [0x00000000c0000000,0x00000000cc7773d0,0x00000000ced00000)
 Metaspace       used 71969K, committed 73152K, reserved 1114112K
  class space    used 7664K, committed 8192K, reserved 1048576K
}
Event: 31.776 GC heap before
{Heap before GC invocations=121 (full 8):
 PSYoungGen      total 13312K, used 11456K [0x00000000eab00000, 0x00000000ebb00000, 0x0000000100000000)
  eden space 9216K, 100% used [0x00000000eab00000,0x00000000eb400000,0x00000000eb400000)
  from space 4096K, 54% used [0x00000000eb400000,0x00000000eb630110,0x00000000eb800000)
  to   space 3072K, 0% used [0x00000000eb800000,0x00000000eb800000,0x00000000ebb00000)
 ParOldGen       total 242688K, used 204252K [0x00000000c0000000, 0x00000000ced00000, 0x00000000eab00000)
  object space 242688K, 84% used [0x00000000c0000000,0x00000000cc7773d0,0x00000000ced00000)
 Metaspace       used 71980K, committed 73152K, reserved 1114112K
  class space    used 7665K, committed 8192K, reserved 1048576K
}
Event: 31.778 GC heap after
{Heap after GC invocations=121 (full 8):
 PSYoungGen      total 11264K, used 3051K [0x00000000eab00000, 0x00000000ebf00000, 0x0000000100000000)
  eden space 8192K, 0% used [0x00000000eab00000,0x00000000eab00000,0x00000000eb300000)
  from space 3072K, 99% used [0x00000000eb800000,0x00000000ebafacf8,0x00000000ebb00000)
  to   space 5120K, 0% used [0x00000000eb300000,0x00000000eb300000,0x00000000eb800000)
 ParOldGen       total 242688K, used 205591K [0x00000000c0000000, 0x00000000ced00000, 0x00000000eab00000)
  object space 242688K, 84% used [0x00000000c0000000,0x00000000cc8c5cd8,0x00000000ced00000)
 Metaspace       used 71980K, committed 73152K, reserved 1114112K
  class space    used 7665K, committed 8192K, reserved 1048576K
}
Event: 31.809 GC heap before
{Heap before GC invocations=122 (full 8):
 PSYoungGen      total 11264K, used 11243K [0x00000000eab00000, 0x00000000ebf00000, 0x0000000100000000)
  eden space 8192K, 100% used [0x00000000eab00000,0x00000000eb300000,0x00000000eb300000)
  from space 3072K, 99% used [0x00000000eb800000,0x00000000ebafacf8,0x00000000ebb00000)
  to   space 5120K, 0% used [0x00000000eb300000,0x00000000eb300000,0x00000000eb800000)
 ParOldGen       total 242688K, used 205591K [0x00000000c0000000, 0x00000000ced00000, 0x00000000eab00000)
  object space 242688K, 84% used [0x00000000c0000000,0x00000000cc8c5cd8,0x00000000ced00000)
 Metaspace       used 71980K, committed 73152K, reserved 1114112K
  class space    used 7665K, committed 8192K, reserved 1048576K
}
Event: 31.812 GC heap after
{Heap after GC invocations=122 (full 8):
 PSYoungGen      total 10752K, used 2394K [0x00000000eab00000, 0x00000000ebb00000, 0x0000000100000000)
  eden space 8192K, 0% used [0x00000000eab00000,0x00000000eab00000,0x00000000eb300000)
  from space 2560K, 93% used [0x00000000eb300000,0x00000000eb556ae0,0x00000000eb580000)
  to   space 3584K, 0% used [0x00000000eb780000,0x00000000eb780000,0x00000000ebb00000)
 ParOldGen       total 242688K, used 208580K [0x00000000c0000000, 0x00000000ced00000, 0x00000000eab00000)
  object space 242688K, 85% used [0x00000000c0000000,0x00000000ccbb1078,0x00000000ced00000)
 Metaspace       used 71980K, committed 73152K, reserved 1114112K
  class space    used 7665K, committed 8192K, reserved 1048576K
}
Event: 31.841 GC heap before
{Heap before GC invocations=123 (full 8):
 PSYoungGen      total 10752K, used 10586K [0x00000000eab00000, 0x00000000ebb00000, 0x0000000100000000)
  eden space 8192K, 100% used [0x00000000eab00000,0x00000000eb300000,0x00000000eb300000)
  from space 2560K, 93% used [0x00000000eb300000,0x00000000eb556ae0,0x00000000eb580000)
  to   space 3584K, 0% used [0x00000000eb780000,0x00000000eb780000,0x00000000ebb00000)
 ParOldGen       total 242688K, used 208580K [0x00000000c0000000, 0x00000000ced00000, 0x00000000eab00000)
  object space 242688K, 85% used [0x00000000c0000000,0x00000000ccbb1078,0x00000000ced00000)
 Metaspace       used 71980K, committed 73152K, reserved 1114112K
  class space    used 7665K, committed 8192K, reserved 1048576K
}
Event: 31.843 GC heap after
{Heap after GC invocations=123 (full 8):
 PSYoungGen      total 11776K, used 3568K [0x00000000eab00000, 0x00000000ebd00000, 0x0000000100000000)
  eden space 8192K, 0% used [0x00000000eab00000,0x00000000eab00000,0x00000000eb300000)
  from space 3584K, 99% used [0x00000000eb780000,0x00000000ebafc2f0,0x00000000ebb00000)
  to   space 4608K, 0% used [0x00000000eb300000,0x00000000eb300000,0x00000000eb780000)
 ParOldGen       total 242688K, used 209175K [0x00000000c0000000, 0x00000000ced00000, 0x00000000eab00000)
  object space 242688K, 86% used [0x00000000c0000000,0x00000000ccc45d28,0x00000000ced00000)
 Metaspace       used 71980K, committed 73152K, reserved 1114112K
  class space    used 7665K, committed 8192K, reserved 1048576K
}
Event: 31.875 GC heap before
{Heap before GC invocations=124 (full 8):
 PSYoungGen      total 11776K, used 11760K [0x00000000eab00000, 0x00000000ebd00000, 0x0000000100000000)
  eden space 8192K, 100% used [0x00000000eab00000,0x00000000eb300000,0x00000000eb300000)
  from space 3584K, 99% used [0x00000000eb780000,0x00000000ebafc2f0,0x00000000ebb00000)
  to   space 4608K, 0% used [0x00000000eb300000,0x00000000eb300000,0x00000000eb780000)
 ParOldGen       total 242688K, used 209175K [0x00000000c0000000, 0x00000000ced00000, 0x00000000eab00000)
  object space 242688K, 86% used [0x00000000c0000000,0x00000000ccc45d28,0x00000000ced00000)
 Metaspace       used 71981K, committed 73152K, reserved 1114112K
  class space    used 7665K, committed 8192K, reserved 1048576K
}
Event: 31.878 GC heap after
{Heap after GC invocations=124 (full 8):
 PSYoungGen      total 10752K, used 2148K [0x00000000eab00000, 0x00000000eba00000, 0x0000000100000000)
  eden space 8192K, 0% used [0x00000000eab00000,0x00000000eab00000,0x00000000eb300000)
  from space 2560K, 83% used [0x00000000eb300000,0x00000000eb519250,0x00000000eb580000)
  to   space 3072K, 0% used [0x00000000eb700000,0x00000000eb700000,0x00000000eba00000)
 ParOldGen       total 242688K, used 212689K [0x00000000c0000000, 0x00000000ced00000, 0x00000000eab00000)
  object space 242688K, 87% used [0x00000000c0000000,0x00000000ccfb47d8,0x00000000ced00000)
 Metaspace       used 71981K, committed 73152K, reserved 1114112K
  class space    used 7665K, committed 8192K, reserved 1048576K
}
Event: 31.907 GC heap before
{Heap before GC invocations=125 (full 8):
 PSYoungGen      total 10752K, used 10340K [0x00000000eab00000, 0x00000000eba00000, 0x0000000100000000)
  eden space 8192K, 100% used [0x00000000eab00000,0x00000000eb300000,0x00000000eb300000)
  from space 2560K, 83% used [0x00000000eb300000,0x00000000eb519250,0x00000000eb580000)
  to   space 3072K, 0% used [0x00000000eb700000,0x00000000eb700000,0x00000000eba00000)
 ParOldGen       total 242688K, used 212689K [0x00000000c0000000, 0x00000000ced00000, 0x00000000eab00000)
  object space 242688K, 87% used [0x00000000c0000000,0x00000000ccfb47d8,0x00000000ced00000)
 Metaspace       used 71981K, committed 73152K, reserved 1114112K
  class space    used 7665K, committed 8192K, reserved 1048576K
}
Event: 31.910 GC heap after
{Heap after GC invocations=125 (full 8):
 PSYoungGen      total 10752K, used 3067K [0x00000000eab00000, 0x00000000ebd00000, 0x0000000100000000)
  eden space 7680K, 0% used [0x00000000eab00000,0x00000000eab00000,0x00000000eb280000)
  from space 3072K, 99% used [0x00000000eb700000,0x00000000eb9fefb8,0x00000000eba00000)
  to   space 4608K, 0% used [0x00000000eb280000,0x00000000eb280000,0x00000000eb700000)
 ParOldGen       total 242688K, used 213630K [0x00000000c0000000, 0x00000000ced00000, 0x00000000eab00000)
  object space 242688K, 88% used [0x00000000c0000000,0x00000000cd09fab8,0x00000000ced00000)
 Metaspace       used 71981K, committed 73152K, reserved 1114112K
  class space    used 7665K, committed 8192K, reserved 1048576K
}
Event: 31.936 GC heap before
{Heap before GC invocations=126 (full 8):
 PSYoungGen      total 10752K, used 10747K [0x00000000eab00000, 0x00000000ebd00000, 0x0000000100000000)
  eden space 7680K, 100% used [0x00000000eab00000,0x00000000eb280000,0x00000000eb280000)
  from space 3072K, 99% used [0x00000000eb700000,0x00000000eb9fefb8,0x00000000eba00000)
  to   space 4608K, 0% used [0x00000000eb280000,0x00000000eb280000,0x00000000eb700000)
 ParOldGen       total 242688K, used 213630K [0x00000000c0000000, 0x00000000ced00000, 0x00000000eab00000)
  object space 242688K, 88% used [0x00000000c0000000,0x00000000cd09fab8,0x00000000ced00000)
 Metaspace       used 71981K, committed 73152K, reserved 1114112K
  class space    used 7665K, committed 8192K, reserved 1048576K
}
Event: 31.941 GC heap after
{Heap after GC invocations=126 (full 8):
 PSYoungGen      total 10240K, used 2088K [0x00000000eab00000, 0x00000000eb980000, 0x0000000100000000)
  eden space 7680K, 0% used [0x00000000eab00000,0x00000000eab00000,0x00000000eb280000)
  from space 2560K, 81% used [0x00000000eb280000,0x00000000eb48a2f8,0x00000000eb500000)
  to   space 3072K, 0% used [0x00000000eb680000,0x00000000eb680000,0x00000000eb980000)
 ParOldGen       total 242688K, used 216706K [0x00000000c0000000, 0x00000000ced00000, 0x00000000eab00000)
  object space 242688K, 89% used [0x00000000c0000000,0x00000000cd3a0a60,0x00000000ced00000)
 Metaspace       used 71981K, committed 73152K, reserved 1114112K
  class space    used 7665K, committed 8192K, reserved 1048576K
}
Event: 31.961 GC heap before
{Heap before GC invocations=127 (full 8):
 PSYoungGen      total 10240K, used 7298K [0x00000000eab00000, 0x00000000eb980000, 0x0000000100000000)
  eden space 7680K, 67% used [0x00000000eab00000,0x00000000eb0167c0,0x00000000eb280000)
  from space 2560K, 81% used [0x00000000eb280000,0x00000000eb48a2f8,0x00000000eb500000)
  to   space 3072K, 0% used [0x00000000eb680000,0x00000000eb680000,0x00000000eb980000)
 ParOldGen       total 242688K, used 216706K [0x00000000c0000000, 0x00000000ced00000, 0x00000000eab00000)
  object space 242688K, 89% used [0x00000000c0000000,0x00000000cd3a0a60,0x00000000ced00000)
 Metaspace       used 71981K, committed 73152K, reserved 1114112K
  class space    used 7665K, committed 8192K, reserved 1048576K
}
Event: 31.963 GC heap after
{Heap after GC invocations=127 (full 8):
 PSYoungGen      total 11264K, used 3041K [0x00000000eab00000, 0x00000000eba00000, 0x0000000100000000)
  eden space 8192K, 0% used [0x00000000eab00000,0x00000000eab00000,0x00000000eb300000)
  from space 3072K, 99% used [0x00000000eb680000,0x00000000eb978568,0x00000000eb980000)
  to   space 3584K, 0% used [0x00000000eb300000,0x00000000eb300000,0x00000000eb680000)
 ParOldGen       total 242688K, used 216837K [0x00000000c0000000, 0x00000000ced00000, 0x00000000eab00000)
  object space 242688K, 89% used [0x00000000c0000000,0x00000000cd3c1760,0x00000000ced00000)
 Metaspace       used 71981K, committed 73152K, reserved 1114112K
  class space    used 7665K, committed 8192K, reserved 1048576K
}

